2025-02-08 16:27:54,809 - httpx - INFO - HTTP Request: POST https://api.telegram.org/bot7853732142:AAFz_ajELFE7NaREq0TnGeGwjsB5xYounhc/getMe "HTTP/1.1 200 OK"
2025-02-08 16:27:54,987 - httpx - INFO - HTTP Request: POST https://api.telegram.org/bot7853732142:AAFz_ajELFE7NaREq0TnGeGwjsB5xYounhc/deleteWebhook "HTTP/1.1 200 OK"
2025-02-08 16:27:54,989 - telegram.ext.Application - INFO - Application started
2025-02-08 16:28:05,641 - httpx - INFO - HTTP Request: POST https://api.telegram.org/bot7853732142:AAFz_ajELFE7NaREq0TnGeGwjsB5xYounhc/getUpdates "HTTP/1.1 200 OK"
2025-02-08 16:28:15,877 - httpx - INFO - HTTP Request: POST https://api.telegram.org/bot7853732142:AAFz_ajELFE7NaREq0TnGeGwjsB5xYounhc/getUpdates "HTTP/1.1 200 OK"
2025-02-08 16:28:26,068 - httpx - INFO - HTTP Request: POST https://api.telegram.org/bot7853732142:AAFz_ajELFE7NaREq0TnGeGwjsB5xYounhc/getUpdates "HTTP/1.1 200 OK"
2025-02-08 16:28:36,249 - httpx - INFO - HTTP Request: POST https://api.telegram.org/bot7853732142:AAFz_ajELFE7NaREq0TnGeGwjsB5xYounhc/getUpdates "HTTP/1.1 200 OK"
2025-02-08 16:28:46,435 - httpx - INFO - HTTP Request: POST https://api.telegram.org/bot7853732142:AAFz_ajELFE7NaREq0TnGeGwjsB5xYounhc/getUpdates "HTTP/1.1 200 OK"
2025-02-08 16:28:56,616 - httpx - INFO - HTTP Request: POST https://api.telegram.org/bot7853732142:AAFz_ajELFE7NaREq0TnGeGwjsB5xYounhc/getUpdates "HTTP/1.1 200 OK"
2025-02-08 16:29:06,798 - httpx - INFO - HTTP Request: POST https://api.telegram.org/bot7853732142:AAFz_ajELFE7NaREq0TnGeGwjsB5xYounhc/getUpdates "HTTP/1.1 200 OK"
2025-02-08 16:29:16,977 - httpx - INFO - HTTP Request: POST https://api.telegram.org/bot7853732142:AAFz_ajELFE7NaREq0TnGeGwjsB5xYounhc/getUpdates "HTTP/1.1 200 OK"
2025-02-08 16:29:27,164 - httpx - INFO - HTTP Request: POST https://api.telegram.org/bot7853732142:AAFz_ajELFE7NaREq0TnGeGwjsB5xYounhc/getUpdates "HTTP/1.1 200 OK"
2025-02-08 16:29:37,813 - httpx - INFO - HTTP Request: POST https://api.telegram.org/bot7853732142:AAFz_ajELFE7NaREq0TnGeGwjsB5xYounhc/getUpdates "HTTP/1.1 200 OK"
2025-02-08 16:29:48,033 - httpx - INFO - HTTP Request: POST https://api.telegram.org/bot7853732142:AAFz_ajELFE7NaREq0TnGeGwjsB5xYounhc/getUpdates "HTTP/1.1 200 OK"
2025-02-08 16:29:58,226 - httpx - INFO - HTTP Request: POST https://api.telegram.org/bot7853732142:AAFz_ajELFE7NaREq0TnGeGwjsB5xYounhc/getUpdates "HTTP/1.1 200 OK"
2025-02-08 16:30:08,411 - httpx - INFO - HTTP Request: POST https://api.telegram.org/bot7853732142:AAFz_ajELFE7NaREq0TnGeGwjsB5xYounhc/getUpdates "HTTP/1.1 200 OK"
2025-02-08 16:30:18,610 - httpx - INFO - HTTP Request: POST https://api.telegram.org/bot7853732142:AAFz_ajELFE7NaREq0TnGeGwjsB5xYounhc/getUpdates "HTTP/1.1 200 OK"
2025-02-08 16:30:28,797 - httpx - INFO - HTTP Request: POST https://api.telegram.org/bot7853732142:AAFz_ajELFE7NaREq0TnGeGwjsB5xYounhc/getUpdates "HTTP/1.1 200 OK"
2025-02-08 16:30:39,011 - httpx - INFO - HTTP Request: POST https://api.telegram.org/bot7853732142:AAFz_ajELFE7NaREq0TnGeGwjsB5xYounhc/getUpdates "HTTP/1.1 200 OK"
2025-02-08 16:30:49,200 - httpx - INFO - HTTP Request: POST https://api.telegram.org/bot7853732142:AAFz_ajELFE7NaREq0TnGeGwjsB5xYounhc/getUpdates "HTTP/1.1 200 OK"
2025-02-08 16:30:59,387 - httpx - INFO - HTTP Request: POST https://api.telegram.org/bot7853732142:AAFz_ajELFE7NaREq0TnGeGwjsB5xYounhc/getUpdates "HTTP/1.1 200 OK"
2025-02-08 16:31:09,574 - httpx - INFO - HTTP Request: POST https://api.telegram.org/bot7853732142:AAFz_ajELFE7NaREq0TnGeGwjsB5xYounhc/getUpdates "HTTP/1.1 200 OK"
2025-02-08 16:31:19,759 - httpx - INFO - HTTP Request: POST https://api.telegram.org/bot7853732142:AAFz_ajELFE7NaREq0TnGeGwjsB5xYounhc/getUpdates "HTTP/1.1 200 OK"
2025-02-08 16:31:29,948 - httpx - INFO - HTTP Request: POST https://api.telegram.org/bot7853732142:AAFz_ajELFE7NaREq0TnGeGwjsB5xYounhc/getUpdates "HTTP/1.1 200 OK"
2025-02-08 16:31:40,131 - httpx - INFO - HTTP Request: POST https://api.telegram.org/bot7853732142:AAFz_ajELFE7NaREq0TnGeGwjsB5xYounhc/getUpdates "HTTP/1.1 200 OK"
2025-02-08 16:31:50,329 - httpx - INFO - HTTP Request: POST https://api.telegram.org/bot7853732142:AAFz_ajELFE7NaREq0TnGeGwjsB5xYounhc/getUpdates "HTTP/1.1 200 OK"
2025-02-08 16:32:00,540 - httpx - INFO - HTTP Request: POST https://api.telegram.org/bot7853732142:AAFz_ajELFE7NaREq0TnGeGwjsB5xYounhc/getUpdates "HTTP/1.1 200 OK"
2025-02-08 16:32:10,728 - httpx - INFO - HTTP Request: POST https://api.telegram.org/bot7853732142:AAFz_ajELFE7NaREq0TnGeGwjsB5xYounhc/getUpdates "HTTP/1.1 200 OK"
2025-02-08 16:32:20,912 - httpx - INFO - HTTP Request: POST https://api.telegram.org/bot7853732142:AAFz_ajELFE7NaREq0TnGeGwjsB5xYounhc/getUpdates "HTTP/1.1 200 OK"
2025-02-08 16:32:31,100 - httpx - INFO - HTTP Request: POST https://api.telegram.org/bot7853732142:AAFz_ajELFE7NaREq0TnGeGwjsB5xYounhc/getUpdates "HTTP/1.1 200 OK"
2025-02-08 16:32:41,289 - httpx - INFO - HTTP Request: POST https://api.telegram.org/bot7853732142:AAFz_ajELFE7NaREq0TnGeGwjsB5xYounhc/getUpdates "HTTP/1.1 200 OK"
2025-02-08 16:32:51,498 - httpx - INFO - HTTP Request: POST https://api.telegram.org/bot7853732142:AAFz_ajELFE7NaREq0TnGeGwjsB5xYounhc/getUpdates "HTTP/1.1 200 OK"
2025-02-08 16:32:58,734 - httpx - INFO - HTTP Request: POST https://api.telegram.org/bot7853732142:AAFz_ajELFE7NaREq0TnGeGwjsB5xYounhc/getUpdates "HTTP/1.1 200 OK"
2025-02-08 16:32:59,655 - httpx - INFO - HTTP Request: POST https://api.telegram.org/bot7853732142:AAFz_ajELFE7NaREq0TnGeGwjsB5xYounhc/sendMessage "HTTP/1.1 200 OK"
2025-02-08 16:33:04,553 - httpx - INFO - HTTP Request: POST https://api.telegram.org/bot7853732142:AAFz_ajELFE7NaREq0TnGeGwjsB5xYounhc/getUpdates "HTTP/1.1 200 OK"
2025-02-08 16:33:05,202 - httpx - INFO - HTTP Request: POST https://api.telegram.org/bot7853732142:AAFz_ajELFE7NaREq0TnGeGwjsB5xYounhc/sendMessage "HTTP/1.1 200 OK"
2025-02-08 16:33:14,787 - httpx - INFO - HTTP Request: POST https://api.telegram.org/bot7853732142:AAFz_ajELFE7NaREq0TnGeGwjsB5xYounhc/getUpdates "HTTP/1.1 200 OK"
2025-02-08 16:33:16,630 - httpx - INFO - HTTP Request: POST https://api.telegram.org/bot7853732142:AAFz_ajELFE7NaREq0TnGeGwjsB5xYounhc/getUpdates "HTTP/1.1 200 OK"
2025-02-08 16:33:17,691 - httpx - INFO - HTTP Request: POST https://api.telegram.org/bot7853732142:AAFz_ajELFE7NaREq0TnGeGwjsB5xYounhc/sendMessage "HTTP/1.1 200 OK"
2025-02-08 16:33:22,924 - httpx - INFO - HTTP Request: POST https://api.telegram.org/bot7853732142:AAFz_ajELFE7NaREq0TnGeGwjsB5xYounhc/getUpdates "HTTP/1.1 200 OK"
2025-02-08 16:33:23,725 - httpx - INFO - HTTP Request: POST https://api.telegram.org/bot7853732142:AAFz_ajELFE7NaREq0TnGeGwjsB5xYounhc/answerCallbackQuery "HTTP/1.1 200 OK"
2025-02-08 16:33:24,174 - httpx - INFO - HTTP Request: POST https://api.telegram.org/bot7853732142:AAFz_ajELFE7NaREq0TnGeGwjsB5xYounhc/editMessageText "HTTP/1.1 200 OK"
2025-02-08 16:33:33,129 - httpx - INFO - HTTP Request: POST https://api.telegram.org/bot7853732142:AAFz_ajELFE7NaREq0TnGeGwjsB5xYounhc/getUpdates "HTTP/1.1 200 OK"
2025-02-08 16:33:43,491 - httpx - INFO - HTTP Request: POST https://api.telegram.org/bot7853732142:AAFz_ajELFE7NaREq0TnGeGwjsB5xYounhc/getUpdates "HTTP/1.1 200 OK"
2025-02-08 16:33:53,741 - httpx - INFO - HTTP Request: POST https://api.telegram.org/bot7853732142:AAFz_ajELFE7NaREq0TnGeGwjsB5xYounhc/getUpdates "HTTP/1.1 200 OK"
2025-02-08 16:34:03,945 - httpx - INFO - HTTP Request: POST https://api.telegram.org/bot7853732142:AAFz_ajELFE7NaREq0TnGeGwjsB5xYounhc/getUpdates "HTTP/1.1 200 OK"
2025-02-08 16:34:14,171 - httpx - INFO - HTTP Request: POST https://api.telegram.org/bot7853732142:AAFz_ajELFE7NaREq0TnGeGwjsB5xYounhc/getUpdates "HTTP/1.1 200 OK"
2025-02-08 16:34:24,351 - httpx - INFO - HTTP Request: POST https://api.telegram.org/bot7853732142:AAFz_ajELFE7NaREq0TnGeGwjsB5xYounhc/getUpdates "HTTP/1.1 200 OK"
2025-02-08 16:34:34,538 - httpx - INFO - HTTP Request: POST https://api.telegram.org/bot7853732142:AAFz_ajELFE7NaREq0TnGeGwjsB5xYounhc/getUpdates "HTTP/1.1 200 OK"
2025-02-08 16:34:44,733 - httpx - INFO - HTTP Request: POST https://api.telegram.org/bot7853732142:AAFz_ajELFE7NaREq0TnGeGwjsB5xYounhc/getUpdates "HTTP/1.1 200 OK"
2025-02-08 16:34:54,966 - httpx - INFO - HTTP Request: POST https://api.telegram.org/bot7853732142:AAFz_ajELFE7NaREq0TnGeGwjsB5xYounhc/getUpdates "HTTP/1.1 200 OK"
2025-02-08 16:35:07,054 - httpx - INFO - HTTP Request: POST https://api.telegram.org/bot7853732142:AAFz_ajELFE7NaREq0TnGeGwjsB5xYounhc/getUpdates "HTTP/1.1 200 OK"
2025-02-08 16:35:18,504 - httpx - INFO - HTTP Request: POST https://api.telegram.org/bot7853732142:AAFz_ajELFE7NaREq0TnGeGwjsB5xYounhc/getUpdates "HTTP/1.1 200 OK"
2025-02-08 16:35:29,378 - httpx - INFO - HTTP Request: POST https://api.telegram.org/bot7853732142:AAFz_ajELFE7NaREq0TnGeGwjsB5xYounhc/getUpdates "HTTP/1.1 200 OK"
2025-02-08 16:35:40,039 - httpx - INFO - HTTP Request: POST https://api.telegram.org/bot7853732142:AAFz_ajELFE7NaREq0TnGeGwjsB5xYounhc/getUpdates "HTTP/1.1 200 OK"
2025-02-08 16:35:50,235 - httpx - INFO - HTTP Request: POST https://api.telegram.org/bot7853732142:AAFz_ajELFE7NaREq0TnGeGwjsB5xYounhc/getUpdates "HTTP/1.1 200 OK"
2025-02-08 16:35:52,931 - httpx - INFO - HTTP Request: POST https://api.telegram.org/bot7853732142:AAFz_ajELFE7NaREq0TnGeGwjsB5xYounhc/getUpdates "HTTP/1.1 200 OK"
2025-02-08 16:35:53,760 - httpx - INFO - HTTP Request: POST https://api.telegram.org/bot7853732142:AAFz_ajELFE7NaREq0TnGeGwjsB5xYounhc/sendMessage "HTTP/1.1 200 OK"
2025-02-08 16:36:03,154 - httpx - INFO - HTTP Request: POST https://api.telegram.org/bot7853732142:AAFz_ajELFE7NaREq0TnGeGwjsB5xYounhc/getUpdates "HTTP/1.1 200 OK"
2025-02-08 16:36:13,356 - httpx - INFO - HTTP Request: POST https://api.telegram.org/bot7853732142:AAFz_ajELFE7NaREq0TnGeGwjsB5xYounhc/getUpdates "HTTP/1.1 200 OK"
2025-02-08 16:36:23,545 - httpx - INFO - HTTP Request: POST https://api.telegram.org/bot7853732142:AAFz_ajELFE7NaREq0TnGeGwjsB5xYounhc/getUpdates "HTTP/1.1 200 OK"
2025-02-08 16:36:33,731 - httpx - INFO - HTTP Request: POST https://api.telegram.org/bot7853732142:AAFz_ajELFE7NaREq0TnGeGwjsB5xYounhc/getUpdates "HTTP/1.1 200 OK"
2025-02-08 16:36:43,960 - httpx - INFO - HTTP Request: POST https://api.telegram.org/bot7853732142:AAFz_ajELFE7NaREq0TnGeGwjsB5xYounhc/getUpdates "HTTP/1.1 200 OK"
2025-02-08 16:36:54,146 - httpx - INFO - HTTP Request: POST https://api.telegram.org/bot7853732142:AAFz_ajELFE7NaREq0TnGeGwjsB5xYounhc/getUpdates "HTTP/1.1 200 OK"
2025-02-08 16:37:04,330 - httpx - INFO - HTTP Request: POST https://api.telegram.org/bot7853732142:AAFz_ajELFE7NaREq0TnGeGwjsB5xYounhc/getUpdates "HTTP/1.1 200 OK"
2025-02-08 16:37:14,528 - httpx - INFO - HTTP Request: POST https://api.telegram.org/bot7853732142:AAFz_ajELFE7NaREq0TnGeGwjsB5xYounhc/getUpdates "HTTP/1.1 200 OK"
2025-02-08 16:37:24,707 - httpx - INFO - HTTP Request: POST https://api.telegram.org/bot7853732142:AAFz_ajELFE7NaREq0TnGeGwjsB5xYounhc/getUpdates "HTTP/1.1 200 OK"
2025-02-08 16:37:34,895 - httpx - INFO - HTTP Request: POST https://api.telegram.org/bot7853732142:AAFz_ajELFE7NaREq0TnGeGwjsB5xYounhc/getUpdates "HTTP/1.1 200 OK"
2025-02-08 16:37:45,097 - httpx - INFO - HTTP Request: POST https://api.telegram.org/bot7853732142:AAFz_ajELFE7NaREq0TnGeGwjsB5xYounhc/getUpdates "HTTP/1.1 200 OK"
2025-02-08 16:37:55,299 - httpx - INFO - HTTP Request: POST https://api.telegram.org/bot7853732142:AAFz_ajELFE7NaREq0TnGeGwjsB5xYounhc/getUpdates "HTTP/1.1 200 OK"
2025-02-08 16:38:05,516 - httpx - INFO - HTTP Request: POST https://api.telegram.org/bot7853732142:AAFz_ajELFE7NaREq0TnGeGwjsB5xYounhc/getUpdates "HTTP/1.1 200 OK"
2025-02-08 16:38:08,821 - httpx - INFO - HTTP Request: POST https://api.telegram.org/bot7853732142:AAFz_ajELFE7NaREq0TnGeGwjsB5xYounhc/getUpdates "HTTP/1.1 200 OK"
2025-02-08 16:38:09,670 - httpx - INFO - HTTP Request: POST https://api.telegram.org/bot7853732142:AAFz_ajELFE7NaREq0TnGeGwjsB5xYounhc/sendMessage "HTTP/1.1 200 OK"
2025-02-08 16:38:19,027 - httpx - INFO - HTTP Request: POST https://api.telegram.org/bot7853732142:AAFz_ajELFE7NaREq0TnGeGwjsB5xYounhc/getUpdates "HTTP/1.1 200 OK"
2025-02-08 16:38:29,212 - httpx - INFO - HTTP Request: POST https://api.telegram.org/bot7853732142:AAFz_ajELFE7NaREq0TnGeGwjsB5xYounhc/getUpdates "HTTP/1.1 200 OK"
2025-02-08 16:38:39,413 - httpx - INFO - HTTP Request: POST https://api.telegram.org/bot7853732142:AAFz_ajELFE7NaREq0TnGeGwjsB5xYounhc/getUpdates "HTTP/1.1 200 OK"
2025-02-08 16:38:49,625 - httpx - INFO - HTTP Request: POST https://api.telegram.org/bot7853732142:AAFz_ajELFE7NaREq0TnGeGwjsB5xYounhc/getUpdates "HTTP/1.1 200 OK"
2025-02-08 16:38:59,809 - httpx - INFO - HTTP Request: POST https://api.telegram.org/bot7853732142:AAFz_ajELFE7NaREq0TnGeGwjsB5xYounhc/getUpdates "HTTP/1.1 200 OK"
2025-02-08 16:39:09,993 - httpx - INFO - HTTP Request: POST https://api.telegram.org/bot7853732142:AAFz_ajELFE7NaREq0TnGeGwjsB5xYounhc/getUpdates "HTTP/1.1 200 OK"
2025-02-08 16:39:20,202 - httpx - INFO - HTTP Request: POST https://api.telegram.org/bot7853732142:AAFz_ajELFE7NaREq0TnGeGwjsB5xYounhc/getUpdates "HTTP/1.1 200 OK"
2025-02-08 16:39:30,394 - httpx - INFO - HTTP Request: POST https://api.telegram.org/bot7853732142:AAFz_ajELFE7NaREq0TnGeGwjsB5xYounhc/getUpdates "HTTP/1.1 200 OK"
2025-02-08 16:39:40,583 - httpx - INFO - HTTP Request: POST https://api.telegram.org/bot7853732142:AAFz_ajELFE7NaREq0TnGeGwjsB5xYounhc/getUpdates "HTTP/1.1 200 OK"
2025-02-08 16:39:50,776 - httpx - INFO - HTTP Request: POST https://api.telegram.org/bot7853732142:AAFz_ajELFE7NaREq0TnGeGwjsB5xYounhc/getUpdates "HTTP/1.1 200 OK"
2025-02-08 16:40:00,957 - httpx - INFO - HTTP Request: POST https://api.telegram.org/bot7853732142:AAFz_ajELFE7NaREq0TnGeGwjsB5xYounhc/getUpdates "HTTP/1.1 200 OK"
2025-02-08 16:40:11,174 - httpx - INFO - HTTP Request: POST https://api.telegram.org/bot7853732142:AAFz_ajELFE7NaREq0TnGeGwjsB5xYounhc/getUpdates "HTTP/1.1 200 OK"
2025-02-08 16:40:12,484 - httpx - INFO - HTTP Request: POST https://api.telegram.org/bot7853732142:AAFz_ajELFE7NaREq0TnGeGwjsB5xYounhc/getUpdates "HTTP/1.1 200 OK"
2025-02-08 16:40:13,354 - httpx - INFO - HTTP Request: POST https://api.telegram.org/bot7853732142:AAFz_ajELFE7NaREq0TnGeGwjsB5xYounhc/sendMessage "HTTP/1.1 200 OK"
2025-02-08 16:40:22,673 - httpx - INFO - HTTP Request: POST https://api.telegram.org/bot7853732142:AAFz_ajELFE7NaREq0TnGeGwjsB5xYounhc/getUpdates "HTTP/1.1 200 OK"
2025-02-08 16:40:30,266 - httpx - INFO - HTTP Request: POST https://api.telegram.org/bot7853732142:AAFz_ajELFE7NaREq0TnGeGwjsB5xYounhc/getUpdates "HTTP/1.1 200 OK"
2025-02-08 16:40:40,468 - httpx - INFO - HTTP Request: POST https://api.telegram.org/bot7853732142:AAFz_ajELFE7NaREq0TnGeGwjsB5xYounhc/getUpdates "HTTP/1.1 200 OK"
2025-02-08 16:40:45,869 - httpx - INFO - HTTP Request: POST https://api.telegram.org/bot7853732142:AAFz_ajELFE7NaREq0TnGeGwjsB5xYounhc/getUpdates "HTTP/1.1 200 OK"
2025-02-08 16:40:46,688 - httpx - INFO - HTTP Request: POST https://api.telegram.org/bot7853732142:AAFz_ajELFE7NaREq0TnGeGwjsB5xYounhc/sendMessage "HTTP/1.1 200 OK"
2025-02-08 16:40:52,447 - httpx - INFO - HTTP Request: POST https://api.telegram.org/bot7853732142:AAFz_ajELFE7NaREq0TnGeGwjsB5xYounhc/getUpdates "HTTP/1.1 200 OK"
2025-02-08 16:40:53,362 - httpx - INFO - HTTP Request: POST https://api.telegram.org/bot7853732142:AAFz_ajELFE7NaREq0TnGeGwjsB5xYounhc/answerCallbackQuery "HTTP/1.1 200 OK"
2025-02-08 16:40:53,820 - httpx - INFO - HTTP Request: POST https://api.telegram.org/bot7853732142:AAFz_ajELFE7NaREq0TnGeGwjsB5xYounhc/editMessageText "HTTP/1.1 200 OK"
2025-02-08 16:41:02,643 - httpx - INFO - HTTP Request: POST https://api.telegram.org/bot7853732142:AAFz_ajELFE7NaREq0TnGeGwjsB5xYounhc/getUpdates "HTTP/1.1 200 OK"
2025-02-08 16:41:12,072 - httpx - INFO - HTTP Request: POST https://api.telegram.org/bot7853732142:AAFz_ajELFE7NaREq0TnGeGwjsB5xYounhc/getUpdates "HTTP/1.1 200 OK"
2025-02-08 16:41:12,857 - httpx - INFO - HTTP Request: POST https://api.telegram.org/bot7853732142:AAFz_ajELFE7NaREq0TnGeGwjsB5xYounhc/answerCallbackQuery "HTTP/1.1 200 OK"
2025-02-08 16:41:13,301 - httpx - INFO - HTTP Request: POST https://api.telegram.org/bot7853732142:AAFz_ajELFE7NaREq0TnGeGwjsB5xYounhc/editMessageText "HTTP/1.1 200 OK"
2025-02-08 16:41:22,261 - httpx - INFO - HTTP Request: POST https://api.telegram.org/bot7853732142:AAFz_ajELFE7NaREq0TnGeGwjsB5xYounhc/getUpdates "HTTP/1.1 200 OK"
2025-02-08 16:41:32,471 - httpx - INFO - HTTP Request: POST https://api.telegram.org/bot7853732142:AAFz_ajELFE7NaREq0TnGeGwjsB5xYounhc/getUpdates "HTTP/1.1 200 OK"
2025-02-08 16:41:42,660 - httpx - INFO - HTTP Request: POST https://api.telegram.org/bot7853732142:AAFz_ajELFE7NaREq0TnGeGwjsB5xYounhc/getUpdates "HTTP/1.1 200 OK"
2025-02-08 16:41:52,848 - httpx - INFO - HTTP Request: POST https://api.telegram.org/bot7853732142:AAFz_ajELFE7NaREq0TnGeGwjsB5xYounhc/getUpdates "HTTP/1.1 200 OK"
2025-02-08 16:42:03,031 - httpx - INFO - HTTP Request: POST https://api.telegram.org/bot7853732142:AAFz_ajELFE7NaREq0TnGeGwjsB5xYounhc/getUpdates "HTTP/1.1 200 OK"
2025-02-08 16:42:13,321 - httpx - INFO - HTTP Request: POST https://api.telegram.org/bot7853732142:AAFz_ajELFE7NaREq0TnGeGwjsB5xYounhc/getUpdates "HTTP/1.1 200 OK"
2025-02-08 16:42:23,508 - httpx - INFO - HTTP Request: POST https://api.telegram.org/bot7853732142:AAFz_ajELFE7NaREq0TnGeGwjsB5xYounhc/getUpdates "HTTP/1.1 200 OK"
2025-02-08 16:42:33,706 - httpx - INFO - HTTP Request: POST https://api.telegram.org/bot7853732142:AAFz_ajELFE7NaREq0TnGeGwjsB5xYounhc/getUpdates "HTTP/1.1 200 OK"
2025-02-08 16:42:43,912 - httpx - INFO - HTTP Request: POST https://api.telegram.org/bot7853732142:AAFz_ajELFE7NaREq0TnGeGwjsB5xYounhc/getUpdates "HTTP/1.1 200 OK"
2025-02-08 16:42:54,114 - httpx - INFO - HTTP Request: POST https://api.telegram.org/bot7853732142:AAFz_ajELFE7NaREq0TnGeGwjsB5xYounhc/getUpdates "HTTP/1.1 200 OK"
2025-02-08 16:43:04,303 - httpx - INFO - HTTP Request: POST https://api.telegram.org/bot7853732142:AAFz_ajELFE7NaREq0TnGeGwjsB5xYounhc/getUpdates "HTTP/1.1 200 OK"
2025-02-08 16:43:14,491 - httpx - INFO - HTTP Request: POST https://api.telegram.org/bot7853732142:AAFz_ajELFE7NaREq0TnGeGwjsB5xYounhc/getUpdates "HTTP/1.1 200 OK"
2025-02-08 16:43:24,672 - httpx - INFO - HTTP Request: POST https://api.telegram.org/bot7853732142:AAFz_ajELFE7NaREq0TnGeGwjsB5xYounhc/getUpdates "HTTP/1.1 200 OK"
2025-02-08 16:43:34,946 - httpx - INFO - HTTP Request: POST https://api.telegram.org/bot7853732142:AAFz_ajELFE7NaREq0TnGeGwjsB5xYounhc/getUpdates "HTTP/1.1 200 OK"
2025-02-08 16:43:45,131 - httpx - INFO - HTTP Request: POST https://api.telegram.org/bot7853732142:AAFz_ajELFE7NaREq0TnGeGwjsB5xYounhc/getUpdates "HTTP/1.1 200 OK"
2025-02-08 16:43:55,316 - httpx - INFO - HTTP Request: POST https://api.telegram.org/bot7853732142:AAFz_ajELFE7NaREq0TnGeGwjsB5xYounhc/getUpdates "HTTP/1.1 200 OK"
2025-02-08 16:44:05,521 - httpx - INFO - HTTP Request: POST https://api.telegram.org/bot7853732142:AAFz_ajELFE7NaREq0TnGeGwjsB5xYounhc/getUpdates "HTTP/1.1 200 OK"
2025-02-08 16:44:16,158 - httpx - INFO - HTTP Request: POST https://api.telegram.org/bot7853732142:AAFz_ajELFE7NaREq0TnGeGwjsB5xYounhc/getUpdates "HTTP/1.1 200 OK"
2025-02-08 16:44:26,342 - httpx - INFO - HTTP Request: POST https://api.telegram.org/bot7853732142:AAFz_ajELFE7NaREq0TnGeGwjsB5xYounhc/getUpdates "HTTP/1.1 200 OK"
2025-02-08 16:44:36,521 - httpx - INFO - HTTP Request: POST https://api.telegram.org/bot7853732142:AAFz_ajELFE7NaREq0TnGeGwjsB5xYounhc/getUpdates "HTTP/1.1 200 OK"
2025-02-08 16:44:46,742 - httpx - INFO - HTTP Request: POST https://api.telegram.org/bot7853732142:AAFz_ajELFE7NaREq0TnGeGwjsB5xYounhc/getUpdates "HTTP/1.1 200 OK"
2025-02-08 16:44:56,944 - httpx - INFO - HTTP Request: POST https://api.telegram.org/bot7853732142:AAFz_ajELFE7NaREq0TnGeGwjsB5xYounhc/getUpdates "HTTP/1.1 200 OK"
2025-02-08 16:45:07,234 - httpx - INFO - HTTP Request: POST https://api.telegram.org/bot7853732142:AAFz_ajELFE7NaREq0TnGeGwjsB5xYounhc/getUpdates "HTTP/1.1 200 OK"
2025-02-08 16:45:17,412 - httpx - INFO - HTTP Request: POST https://api.telegram.org/bot7853732142:AAFz_ajELFE7NaREq0TnGeGwjsB5xYounhc/getUpdates "HTTP/1.1 200 OK"
2025-02-08 16:45:27,593 - httpx - INFO - HTTP Request: POST https://api.telegram.org/bot7853732142:AAFz_ajELFE7NaREq0TnGeGwjsB5xYounhc/getUpdates "HTTP/1.1 200 OK"
2025-02-08 16:45:37,772 - httpx - INFO - HTTP Request: POST https://api.telegram.org/bot7853732142:AAFz_ajELFE7NaREq0TnGeGwjsB5xYounhc/getUpdates "HTTP/1.1 200 OK"
2025-02-08 16:45:47,953 - httpx - INFO - HTTP Request: POST https://api.telegram.org/bot7853732142:AAFz_ajELFE7NaREq0TnGeGwjsB5xYounhc/getUpdates "HTTP/1.1 200 OK"
2025-02-08 17:25:05,333 - httpx - INFO - HTTP Request: POST https://api.telegram.org/bot7853732142:AAFz_ajELFE7NaREq0TnGeGwjsB5xYounhc/getMe "HTTP/1.1 200 OK"
2025-02-08 17:25:05,509 - httpx - INFO - HTTP Request: POST https://api.telegram.org/bot7853732142:AAFz_ajELFE7NaREq0TnGeGwjsB5xYounhc/deleteWebhook "HTTP/1.1 200 OK"
2025-02-08 17:25:05,511 - telegram.ext.Application - INFO - Application started
2025-02-08 17:25:06,142 - httpx - INFO - HTTP Request: POST https://api.telegram.org/bot7853732142:AAFz_ajELFE7NaREq0TnGeGwjsB5xYounhc/getUpdates "HTTP/1.1 200 OK"
2025-02-08 17:25:06,620 - httpx - INFO - HTTP Request: POST https://api.telegram.org/bot7853732142:AAFz_ajELFE7NaREq0TnGeGwjsB5xYounhc/sendMessage "HTTP/1.1 200 OK"
2025-02-08 17:25:07,120 - httpx - INFO - HTTP Request: POST https://api.telegram.org/bot7853732142:AAFz_ajELFE7NaREq0TnGeGwjsB5xYounhc/sendMessage "HTTP/1.1 200 OK"
2025-02-08 17:25:07,561 - httpx - INFO - HTTP Request: POST https://api.telegram.org/bot7853732142:AAFz_ajELFE7NaREq0TnGeGwjsB5xYounhc/sendMessage "HTTP/1.1 200 OK"
2025-02-08 17:25:08,038 - httpx - INFO - HTTP Request: POST https://api.telegram.org/bot7853732142:AAFz_ajELFE7NaREq0TnGeGwjsB5xYounhc/sendMessage "HTTP/1.1 200 OK"
2025-02-08 17:25:08,552 - httpx - INFO - HTTP Request: POST https://api.telegram.org/bot7853732142:AAFz_ajELFE7NaREq0TnGeGwjsB5xYounhc/sendMessage "HTTP/1.1 200 OK"
2025-02-08 17:25:09,069 - httpx - INFO - HTTP Request: POST https://api.telegram.org/bot7853732142:AAFz_ajELFE7NaREq0TnGeGwjsB5xYounhc/sendMessage "HTTP/1.1 200 OK"
2025-02-08 17:25:16,366 - httpx - INFO - HTTP Request: POST https://api.telegram.org/bot7853732142:AAFz_ajELFE7NaREq0TnGeGwjsB5xYounhc/getUpdates "HTTP/1.1 200 OK"
2025-02-08 17:25:26,595 - httpx - INFO - HTTP Request: POST https://api.telegram.org/bot7853732142:AAFz_ajELFE7NaREq0TnGeGwjsB5xYounhc/getUpdates "HTTP/1.1 200 OK"
2025-02-08 17:25:36,783 - httpx - INFO - HTTP Request: POST https://api.telegram.org/bot7853732142:AAFz_ajELFE7NaREq0TnGeGwjsB5xYounhc/getUpdates "HTTP/1.1 200 OK"
2025-02-08 17:25:47,035 - httpx - INFO - HTTP Request: POST https://api.telegram.org/bot7853732142:AAFz_ajELFE7NaREq0TnGeGwjsB5xYounhc/getUpdates "HTTP/1.1 200 OK"
2025-02-08 17:25:57,293 - httpx - INFO - HTTP Request: POST https://api.telegram.org/bot7853732142:AAFz_ajELFE7NaREq0TnGeGwjsB5xYounhc/getUpdates "HTTP/1.1 200 OK"
2025-02-08 17:26:07,485 - httpx - INFO - HTTP Request: POST https://api.telegram.org/bot7853732142:AAFz_ajELFE7NaREq0TnGeGwjsB5xYounhc/getUpdates "HTTP/1.1 200 OK"
2025-02-08 17:26:17,698 - httpx - INFO - HTTP Request: POST https://api.telegram.org/bot7853732142:AAFz_ajELFE7NaREq0TnGeGwjsB5xYounhc/getUpdates "HTTP/1.1 200 OK"
2025-02-08 17:26:27,881 - httpx - INFO - HTTP Request: POST https://api.telegram.org/bot7853732142:AAFz_ajELFE7NaREq0TnGeGwjsB5xYounhc/getUpdates "HTTP/1.1 200 OK"
2025-02-08 17:26:38,063 - httpx - INFO - HTTP Request: POST https://api.telegram.org/bot7853732142:AAFz_ajELFE7NaREq0TnGeGwjsB5xYounhc/getUpdates "HTTP/1.1 200 OK"
2025-02-08 17:26:48,271 - httpx - INFO - HTTP Request: POST https://api.telegram.org/bot7853732142:AAFz_ajELFE7NaREq0TnGeGwjsB5xYounhc/getUpdates "HTTP/1.1 200 OK"
2025-02-08 17:26:58,454 - httpx - INFO - HTTP Request: POST https://api.telegram.org/bot7853732142:AAFz_ajELFE7NaREq0TnGeGwjsB5xYounhc/getUpdates "HTTP/1.1 200 OK"
2025-02-08 17:27:08,636 - httpx - INFO - HTTP Request: POST https://api.telegram.org/bot7853732142:AAFz_ajELFE7NaREq0TnGeGwjsB5xYounhc/getUpdates "HTTP/1.1 200 OK"
2025-02-08 17:27:18,835 - httpx - INFO - HTTP Request: POST https://api.telegram.org/bot7853732142:AAFz_ajELFE7NaREq0TnGeGwjsB5xYounhc/getUpdates "HTTP/1.1 200 OK"
2025-02-08 17:27:31,089 - httpx - INFO - HTTP Request: POST https://api.telegram.org/bot7853732142:AAFz_ajELFE7NaREq0TnGeGwjsB5xYounhc/getUpdates "HTTP/1.1 200 OK"
2025-02-08 17:27:41,279 - httpx - INFO - HTTP Request: POST https://api.telegram.org/bot7853732142:AAFz_ajELFE7NaREq0TnGeGwjsB5xYounhc/getUpdates "HTTP/1.1 200 OK"
2025-02-08 17:27:51,462 - httpx - INFO - HTTP Request: POST https://api.telegram.org/bot7853732142:AAFz_ajELFE7NaREq0TnGeGwjsB5xYounhc/getUpdates "HTTP/1.1 200 OK"
2025-02-08 17:28:01,680 - httpx - INFO - HTTP Request: POST https://api.telegram.org/bot7853732142:AAFz_ajELFE7NaREq0TnGeGwjsB5xYounhc/getUpdates "HTTP/1.1 200 OK"
2025-02-08 17:28:12,270 - httpx - INFO - HTTP Request: POST https://api.telegram.org/bot7853732142:AAFz_ajELFE7NaREq0TnGeGwjsB5xYounhc/getUpdates "HTTP/1.1 200 OK"
2025-02-08 17:28:22,497 - httpx - INFO - HTTP Request: POST https://api.telegram.org/bot7853732142:AAFz_ajELFE7NaREq0TnGeGwjsB5xYounhc/getUpdates "HTTP/1.1 200 OK"
2025-02-08 17:28:32,747 - httpx - INFO - HTTP Request: POST https://api.telegram.org/bot7853732142:AAFz_ajELFE7NaREq0TnGeGwjsB5xYounhc/getUpdates "HTTP/1.1 200 OK"
2025-02-08 17:28:42,932 - httpx - INFO - HTTP Request: POST https://api.telegram.org/bot7853732142:AAFz_ajELFE7NaREq0TnGeGwjsB5xYounhc/getUpdates "HTTP/1.1 200 OK"
2025-02-08 17:28:53,142 - httpx - INFO - HTTP Request: POST https://api.telegram.org/bot7853732142:AAFz_ajELFE7NaREq0TnGeGwjsB5xYounhc/getUpdates "HTTP/1.1 200 OK"
2025-02-08 17:29:04,194 - httpx - INFO - HTTP Request: POST https://api.telegram.org/bot7853732142:AAFz_ajELFE7NaREq0TnGeGwjsB5xYounhc/getUpdates "HTTP/1.1 200 OK"
2025-02-08 17:29:32,353 - httpx - INFO - HTTP Request: POST https://api.telegram.org/bot7853732142:AAFz_ajELFE7NaREq0TnGeGwjsB5xYounhc/getUpdates "HTTP/1.1 200 OK"
2025-02-08 17:29:42,886 - httpx - INFO - HTTP Request: POST https://api.telegram.org/bot7853732142:AAFz_ajELFE7NaREq0TnGeGwjsB5xYounhc/getUpdates "HTTP/1.1 200 OK"
2025-02-08 17:29:53,066 - httpx - INFO - HTTP Request: POST https://api.telegram.org/bot7853732142:AAFz_ajELFE7NaREq0TnGeGwjsB5xYounhc/getUpdates "HTTP/1.1 200 OK"
2025-02-08 17:30:03,858 - httpx - INFO - HTTP Request: POST https://api.telegram.org/bot7853732142:AAFz_ajELFE7NaREq0TnGeGwjsB5xYounhc/getUpdates "HTTP/1.1 200 OK"
2025-02-08 17:30:14,059 - httpx - INFO - HTTP Request: POST https://api.telegram.org/bot7853732142:AAFz_ajELFE7NaREq0TnGeGwjsB5xYounhc/getUpdates "HTTP/1.1 200 OK"
2025-02-08 17:30:24,257 - httpx - INFO - HTTP Request: POST https://api.telegram.org/bot7853732142:AAFz_ajELFE7NaREq0TnGeGwjsB5xYounhc/getUpdates "HTTP/1.1 200 OK"
2025-02-08 17:30:34,437 - httpx - INFO - HTTP Request: POST https://api.telegram.org/bot7853732142:AAFz_ajELFE7NaREq0TnGeGwjsB5xYounhc/getUpdates "HTTP/1.1 200 OK"
2025-02-08 17:30:44,617 - httpx - INFO - HTTP Request: POST https://api.telegram.org/bot7853732142:AAFz_ajELFE7NaREq0TnGeGwjsB5xYounhc/getUpdates "HTTP/1.1 200 OK"
2025-02-08 17:30:54,850 - httpx - INFO - HTTP Request: POST https://api.telegram.org/bot7853732142:AAFz_ajELFE7NaREq0TnGeGwjsB5xYounhc/getUpdates "HTTP/1.1 200 OK"
2025-02-08 17:31:05,030 - httpx - INFO - HTTP Request: POST https://api.telegram.org/bot7853732142:AAFz_ajELFE7NaREq0TnGeGwjsB5xYounhc/getUpdates "HTTP/1.1 200 OK"
2025-02-08 17:31:15,229 - httpx - INFO - HTTP Request: POST https://api.telegram.org/bot7853732142:AAFz_ajELFE7NaREq0TnGeGwjsB5xYounhc/getUpdates "HTTP/1.1 200 OK"
2025-02-08 17:31:25,406 - httpx - INFO - HTTP Request: POST https://api.telegram.org/bot7853732142:AAFz_ajELFE7NaREq0TnGeGwjsB5xYounhc/getUpdates "HTTP/1.1 200 OK"
2025-02-08 17:31:35,587 - httpx - INFO - HTTP Request: POST https://api.telegram.org/bot7853732142:AAFz_ajELFE7NaREq0TnGeGwjsB5xYounhc/getUpdates "HTTP/1.1 200 OK"
2025-02-08 17:31:45,765 - httpx - INFO - HTTP Request: POST https://api.telegram.org/bot7853732142:AAFz_ajELFE7NaREq0TnGeGwjsB5xYounhc/getUpdates "HTTP/1.1 200 OK"
2025-02-08 17:31:55,954 - httpx - INFO - HTTP Request: POST https://api.telegram.org/bot7853732142:AAFz_ajELFE7NaREq0TnGeGwjsB5xYounhc/getUpdates "HTTP/1.1 200 OK"
2025-02-08 17:32:06,129 - httpx - INFO - HTTP Request: POST https://api.telegram.org/bot7853732142:AAFz_ajELFE7NaREq0TnGeGwjsB5xYounhc/getUpdates "HTTP/1.1 200 OK"
2025-02-08 17:32:16,122 - httpx - INFO - HTTP Request: POST https://api.telegram.org/bot7853732142:AAFz_ajELFE7NaREq0TnGeGwjsB5xYounhc/getUpdates "HTTP/1.1 200 OK"
2025-02-08 17:32:16,932 - httpx - INFO - HTTP Request: POST https://api.telegram.org/bot7853732142:AAFz_ajELFE7NaREq0TnGeGwjsB5xYounhc/sendMessage "HTTP/1.1 200 OK"
2025-02-08 17:32:26,306 - httpx - INFO - HTTP Request: POST https://api.telegram.org/bot7853732142:AAFz_ajELFE7NaREq0TnGeGwjsB5xYounhc/getUpdates "HTTP/1.1 200 OK"
2025-02-08 17:32:36,484 - httpx - INFO - HTTP Request: POST https://api.telegram.org/bot7853732142:AAFz_ajELFE7NaREq0TnGeGwjsB5xYounhc/getUpdates "HTTP/1.1 200 OK"
2025-02-08 17:32:46,681 - httpx - INFO - HTTP Request: POST https://api.telegram.org/bot7853732142:AAFz_ajELFE7NaREq0TnGeGwjsB5xYounhc/getUpdates "HTTP/1.1 200 OK"
2025-02-08 17:32:47,481 - httpx - INFO - HTTP Request: POST https://api.telegram.org/bot7853732142:AAFz_ajELFE7NaREq0TnGeGwjsB5xYounhc/sendMessage "HTTP/1.1 200 OK"
2025-02-08 17:32:56,860 - httpx - INFO - HTTP Request: POST https://api.telegram.org/bot7853732142:AAFz_ajELFE7NaREq0TnGeGwjsB5xYounhc/getUpdates "HTTP/1.1 200 OK"
2025-02-08 17:32:58,857 - httpx - INFO - HTTP Request: POST https://api.telegram.org/bot7853732142:AAFz_ajELFE7NaREq0TnGeGwjsB5xYounhc/getUpdates "HTTP/1.1 200 OK"
2025-02-08 17:32:59,671 - httpx - INFO - HTTP Request: POST https://api.telegram.org/bot7853732142:AAFz_ajELFE7NaREq0TnGeGwjsB5xYounhc/sendMessage "HTTP/1.1 200 OK"
2025-02-08 17:33:03,531 - httpx - INFO - HTTP Request: POST https://api.telegram.org/bot7853732142:AAFz_ajELFE7NaREq0TnGeGwjsB5xYounhc/getUpdates "HTTP/1.1 200 OK"
2025-02-08 17:33:03,976 - httpx - INFO - HTTP Request: POST https://api.telegram.org/bot7853732142:AAFz_ajELFE7NaREq0TnGeGwjsB5xYounhc/sendMessage "HTTP/1.1 200 OK"
2025-02-08 17:33:08,473 - httpx - INFO - HTTP Request: POST https://api.telegram.org/bot7853732142:AAFz_ajELFE7NaREq0TnGeGwjsB5xYounhc/getUpdates "HTTP/1.1 200 OK"
2025-02-08 17:33:08,930 - httpx - INFO - HTTP Request: POST https://api.telegram.org/bot7853732142:AAFz_ajELFE7NaREq0TnGeGwjsB5xYounhc/sendMessage "HTTP/1.1 200 OK"
2025-02-08 17:33:12,635 - httpx - INFO - HTTP Request: POST https://api.telegram.org/bot7853732142:AAFz_ajELFE7NaREq0TnGeGwjsB5xYounhc/getUpdates "HTTP/1.1 200 OK"
2025-02-08 17:33:13,093 - httpx - INFO - HTTP Request: POST https://api.telegram.org/bot7853732142:AAFz_ajELFE7NaREq0TnGeGwjsB5xYounhc/sendMessage "HTTP/1.1 200 OK"
2025-02-08 17:33:16,518 - httpx - INFO - HTTP Request: POST https://api.telegram.org/bot7853732142:AAFz_ajELFE7NaREq0TnGeGwjsB5xYounhc/getUpdates "HTTP/1.1 200 OK"
2025-02-08 17:33:16,531 - root - ERROR - Update Update(message=Message(channel_chat_created=False, chat=Chat(first_name='Lamia islam Erin', id=7694219843, type=<ChatType.PRIVATE>), date=datetime.datetime(2025, 2, 8, 11, 33, 17, tzinfo=datetime.timezone.utc), delete_chat_photo=False, entities=(MessageEntity(length=7, offset=0, type=<MessageEntityType.BOT_COMMAND>),), from_user=User(first_name='Lamia islam Erin', id=7694219843, is_bot=False, language_code='en'), group_chat_created=False, message_id=45, supergroup_chat_created=False, text='/search'), update_id=216790203) caused error no such column: keywords
2025-02-08 17:33:16,531 - telegram.ext.Application - ERROR - An error was raised and an uncaught error was raised while handling the error with an error_handler.
Traceback (most recent call last):
  File "C:\Users\Lotus\AppData\Local\Programs\Python\Python313\Lib\site-packages\telegram\ext\_application.py", line 1325, in process_update
    await coroutine
  File "C:\Users\Lotus\AppData\Local\Programs\Python\Python313\Lib\site-packages\telegram\ext\_handlers\basehandler.py", line 158, in handle_update
    return await self.callback(update, context)
           ^^^^^^^^^^^^^^^^^^^^^^^^^^^^^^^^^^^^
  File "C:\Users\Lotus\Desktop\linguasaurus_bot\handlers.py", line 46, in search
    results = search_files(query)
  File "C:\Users\Lotus\Desktop\linguasaurus_bot\database.py", line 36, in search_files
    cursor.execute("SELECT file_name FROM files WHERE keywords LIKE ? OR file_name LIKE ?", (f"%{keyword}%", f"%{keyword}%"))
    ~~~~~~~~~~~~~~^^^^^^^^^^^^^^^^^^^^^^^^^^^^^^^^^^^^^^^^^^^^^^^^^^^^^^^^^^^^^^^^^^^^^^^^^^^^^^^^^^^^^^^^^^^^^^^^^^^^^^^^^^^
sqlite3.OperationalError: no such column: keywords

During handling of the above exception, another exception occurred:

Traceback (most recent call last):
  File "C:\Users\Lotus\AppData\Local\Programs\Python\Python313\Lib\site-packages\telegram\ext\_application.py", line 1905, in process_error
    await callback(update, context)
TypeError: object NoneType can't be used in 'await' expression
2025-02-08 17:33:23,971 - httpx - INFO - HTTP Request: POST https://api.telegram.org/bot7853732142:AAFz_ajELFE7NaREq0TnGeGwjsB5xYounhc/getUpdates "HTTP/1.1 200 OK"
2025-02-08 17:33:24,774 - httpx - INFO - HTTP Request: POST https://api.telegram.org/bot7853732142:AAFz_ajELFE7NaREq0TnGeGwjsB5xYounhc/sendMessage "HTTP/1.1 200 OK"
2025-02-08 17:33:28,998 - httpx - INFO - HTTP Request: POST https://api.telegram.org/bot7853732142:AAFz_ajELFE7NaREq0TnGeGwjsB5xYounhc/getUpdates "HTTP/1.1 200 OK"
2025-02-08 17:33:29,000 - root - ERROR - Update Update(message=Message(channel_chat_created=False, chat=Chat(first_name='Lamia islam Erin', id=7694219843, type=<ChatType.PRIVATE>), date=datetime.datetime(2025, 2, 8, 11, 33, 30, tzinfo=datetime.timezone.utc), delete_chat_photo=False, entities=(MessageEntity(length=7, offset=0, type=<MessageEntityType.BOT_COMMAND>),), from_user=User(first_name='Lamia islam Erin', id=7694219843, is_bot=False, language_code='en'), group_chat_created=False, message_id=48, supergroup_chat_created=False, text='/search'), update_id=216790205) caused error no such column: keywords
2025-02-08 17:33:29,000 - telegram.ext.Application - ERROR - An error was raised and an uncaught error was raised while handling the error with an error_handler.
Traceback (most recent call last):
  File "C:\Users\Lotus\AppData\Local\Programs\Python\Python313\Lib\site-packages\telegram\ext\_application.py", line 1325, in process_update
    await coroutine
  File "C:\Users\Lotus\AppData\Local\Programs\Python\Python313\Lib\site-packages\telegram\ext\_handlers\basehandler.py", line 158, in handle_update
    return await self.callback(update, context)
           ^^^^^^^^^^^^^^^^^^^^^^^^^^^^^^^^^^^^
  File "C:\Users\Lotus\Desktop\linguasaurus_bot\handlers.py", line 46, in search
    results = search_files(query)
  File "C:\Users\Lotus\Desktop\linguasaurus_bot\database.py", line 36, in search_files
    cursor.execute("SELECT file_name FROM files WHERE keywords LIKE ? OR file_name LIKE ?", (f"%{keyword}%", f"%{keyword}%"))
    ~~~~~~~~~~~~~~^^^^^^^^^^^^^^^^^^^^^^^^^^^^^^^^^^^^^^^^^^^^^^^^^^^^^^^^^^^^^^^^^^^^^^^^^^^^^^^^^^^^^^^^^^^^^^^^^^^^^^^^^^^
sqlite3.OperationalError: no such column: keywords

During handling of the above exception, another exception occurred:

Traceback (most recent call last):
  File "C:\Users\Lotus\AppData\Local\Programs\Python\Python313\Lib\site-packages\telegram\ext\_application.py", line 1905, in process_error
    await callback(update, context)
TypeError: object NoneType can't be used in 'await' expression
2025-02-08 17:33:34,996 - httpx - INFO - HTTP Request: POST https://api.telegram.org/bot7853732142:AAFz_ajELFE7NaREq0TnGeGwjsB5xYounhc/getUpdates "HTTP/1.1 200 OK"
2025-02-08 17:33:35,827 - httpx - INFO - HTTP Request: POST https://api.telegram.org/bot7853732142:AAFz_ajELFE7NaREq0TnGeGwjsB5xYounhc/sendMessage "HTTP/1.1 200 OK"
2025-02-08 17:33:41,855 - httpx - INFO - HTTP Request: POST https://api.telegram.org/bot7853732142:AAFz_ajELFE7NaREq0TnGeGwjsB5xYounhc/getUpdates "HTTP/1.1 200 OK"
2025-02-08 17:33:42,667 - httpx - INFO - HTTP Request: POST https://api.telegram.org/bot7853732142:AAFz_ajELFE7NaREq0TnGeGwjsB5xYounhc/sendMessage "HTTP/1.1 200 OK"
2025-02-08 17:33:52,037 - httpx - INFO - HTTP Request: POST https://api.telegram.org/bot7853732142:AAFz_ajELFE7NaREq0TnGeGwjsB5xYounhc/getUpdates "HTTP/1.1 200 OK"
2025-02-08 17:33:55,400 - httpx - INFO - HTTP Request: POST https://api.telegram.org/bot7853732142:AAFz_ajELFE7NaREq0TnGeGwjsB5xYounhc/getUpdates "HTTP/1.1 200 OK"
2025-02-08 17:33:56,196 - httpx - INFO - HTTP Request: POST https://api.telegram.org/bot7853732142:AAFz_ajELFE7NaREq0TnGeGwjsB5xYounhc/sendMessage "HTTP/1.1 200 OK"
2025-02-08 17:34:05,575 - httpx - INFO - HTTP Request: POST https://api.telegram.org/bot7853732142:AAFz_ajELFE7NaREq0TnGeGwjsB5xYounhc/getUpdates "HTTP/1.1 200 OK"
2025-02-08 17:34:15,749 - httpx - INFO - HTTP Request: POST https://api.telegram.org/bot7853732142:AAFz_ajELFE7NaREq0TnGeGwjsB5xYounhc/getUpdates "HTTP/1.1 200 OK"
2025-02-08 17:34:21,767 - httpx - INFO - HTTP Request: POST https://api.telegram.org/bot7853732142:AAFz_ajELFE7NaREq0TnGeGwjsB5xYounhc/getUpdates "HTTP/1.1 200 OK"
2025-02-08 17:34:22,573 - httpx - INFO - HTTP Request: POST https://api.telegram.org/bot7853732142:AAFz_ajELFE7NaREq0TnGeGwjsB5xYounhc/sendMessage "HTTP/1.1 200 OK"
2025-02-08 17:34:29,600 - httpx - INFO - HTTP Request: POST https://api.telegram.org/bot7853732142:AAFz_ajELFE7NaREq0TnGeGwjsB5xYounhc/getUpdates "HTTP/1.1 200 OK"
2025-02-08 17:34:30,407 - httpx - INFO - HTTP Request: POST https://api.telegram.org/bot7853732142:AAFz_ajELFE7NaREq0TnGeGwjsB5xYounhc/sendMessage "HTTP/1.1 200 OK"
2025-02-08 17:34:39,775 - httpx - INFO - HTTP Request: POST https://api.telegram.org/bot7853732142:AAFz_ajELFE7NaREq0TnGeGwjsB5xYounhc/getUpdates "HTTP/1.1 200 OK"
2025-02-08 17:34:49,957 - httpx - INFO - HTTP Request: POST https://api.telegram.org/bot7853732142:AAFz_ajELFE7NaREq0TnGeGwjsB5xYounhc/getUpdates "HTTP/1.1 200 OK"
2025-02-08 17:35:00,137 - httpx - INFO - HTTP Request: POST https://api.telegram.org/bot7853732142:AAFz_ajELFE7NaREq0TnGeGwjsB5xYounhc/getUpdates "HTTP/1.1 200 OK"
2025-02-08 17:35:10,320 - httpx - INFO - HTTP Request: POST https://api.telegram.org/bot7853732142:AAFz_ajELFE7NaREq0TnGeGwjsB5xYounhc/getUpdates "HTTP/1.1 200 OK"
2025-02-08 17:35:20,496 - httpx - INFO - HTTP Request: POST https://api.telegram.org/bot7853732142:AAFz_ajELFE7NaREq0TnGeGwjsB5xYounhc/getUpdates "HTTP/1.1 200 OK"
2025-02-08 17:35:30,672 - httpx - INFO - HTTP Request: POST https://api.telegram.org/bot7853732142:AAFz_ajELFE7NaREq0TnGeGwjsB5xYounhc/getUpdates "HTTP/1.1 200 OK"
2025-02-08 17:35:40,847 - httpx - INFO - HTTP Request: POST https://api.telegram.org/bot7853732142:AAFz_ajELFE7NaREq0TnGeGwjsB5xYounhc/getUpdates "HTTP/1.1 200 OK"
2025-02-08 17:35:51,044 - httpx - INFO - HTTP Request: POST https://api.telegram.org/bot7853732142:AAFz_ajELFE7NaREq0TnGeGwjsB5xYounhc/getUpdates "HTTP/1.1 200 OK"
2025-02-08 17:36:01,232 - httpx - INFO - HTTP Request: POST https://api.telegram.org/bot7853732142:AAFz_ajELFE7NaREq0TnGeGwjsB5xYounhc/getUpdates "HTTP/1.1 200 OK"
2025-02-08 17:36:11,424 - httpx - INFO - HTTP Request: POST https://api.telegram.org/bot7853732142:AAFz_ajELFE7NaREq0TnGeGwjsB5xYounhc/getUpdates "HTTP/1.1 200 OK"
2025-02-08 17:36:21,617 - httpx - INFO - HTTP Request: POST https://api.telegram.org/bot7853732142:AAFz_ajELFE7NaREq0TnGeGwjsB5xYounhc/getUpdates "HTTP/1.1 200 OK"
2025-02-08 17:36:31,793 - httpx - INFO - HTTP Request: POST https://api.telegram.org/bot7853732142:AAFz_ajELFE7NaREq0TnGeGwjsB5xYounhc/getUpdates "HTTP/1.1 200 OK"
2025-02-08 17:36:41,971 - httpx - INFO - HTTP Request: POST https://api.telegram.org/bot7853732142:AAFz_ajELFE7NaREq0TnGeGwjsB5xYounhc/getUpdates "HTTP/1.1 200 OK"
2025-02-08 17:36:52,158 - httpx - INFO - HTTP Request: POST https://api.telegram.org/bot7853732142:AAFz_ajELFE7NaREq0TnGeGwjsB5xYounhc/getUpdates "HTTP/1.1 200 OK"
2025-02-08 17:37:02,335 - httpx - INFO - HTTP Request: POST https://api.telegram.org/bot7853732142:AAFz_ajELFE7NaREq0TnGeGwjsB5xYounhc/getUpdates "HTTP/1.1 200 OK"
2025-02-08 17:37:12,508 - httpx - INFO - HTTP Request: POST https://api.telegram.org/bot7853732142:AAFz_ajELFE7NaREq0TnGeGwjsB5xYounhc/getUpdates "HTTP/1.1 200 OK"
2025-02-08 17:37:22,697 - httpx - INFO - HTTP Request: POST https://api.telegram.org/bot7853732142:AAFz_ajELFE7NaREq0TnGeGwjsB5xYounhc/getUpdates "HTTP/1.1 200 OK"
2025-02-08 17:37:32,888 - httpx - INFO - HTTP Request: POST https://api.telegram.org/bot7853732142:AAFz_ajELFE7NaREq0TnGeGwjsB5xYounhc/getUpdates "HTTP/1.1 200 OK"
2025-02-08 17:37:43,063 - httpx - INFO - HTTP Request: POST https://api.telegram.org/bot7853732142:AAFz_ajELFE7NaREq0TnGeGwjsB5xYounhc/getUpdates "HTTP/1.1 200 OK"
2025-02-08 17:37:53,260 - httpx - INFO - HTTP Request: POST https://api.telegram.org/bot7853732142:AAFz_ajELFE7NaREq0TnGeGwjsB5xYounhc/getUpdates "HTTP/1.1 200 OK"
2025-02-08 17:38:03,442 - httpx - INFO - HTTP Request: POST https://api.telegram.org/bot7853732142:AAFz_ajELFE7NaREq0TnGeGwjsB5xYounhc/getUpdates "HTTP/1.1 200 OK"
2025-02-08 17:38:15,317 - httpx - INFO - HTTP Request: POST https://api.telegram.org/bot7853732142:AAFz_ajELFE7NaREq0TnGeGwjsB5xYounhc/getUpdates "HTTP/1.1 200 OK"
2025-02-08 17:38:25,497 - httpx - INFO - HTTP Request: POST https://api.telegram.org/bot7853732142:AAFz_ajELFE7NaREq0TnGeGwjsB5xYounhc/getUpdates "HTTP/1.1 200 OK"
2025-02-08 17:38:35,707 - httpx - INFO - HTTP Request: POST https://api.telegram.org/bot7853732142:AAFz_ajELFE7NaREq0TnGeGwjsB5xYounhc/getUpdates "HTTP/1.1 200 OK"
2025-02-08 17:38:45,934 - httpx - INFO - HTTP Request: POST https://api.telegram.org/bot7853732142:AAFz_ajELFE7NaREq0TnGeGwjsB5xYounhc/getUpdates "HTTP/1.1 200 OK"
2025-02-08 17:38:56,114 - httpx - INFO - HTTP Request: POST https://api.telegram.org/bot7853732142:AAFz_ajELFE7NaREq0TnGeGwjsB5xYounhc/getUpdates "HTTP/1.1 200 OK"
2025-02-08 17:39:06,293 - httpx - INFO - HTTP Request: POST https://api.telegram.org/bot7853732142:AAFz_ajELFE7NaREq0TnGeGwjsB5xYounhc/getUpdates "HTTP/1.1 200 OK"
2025-02-08 17:39:16,469 - httpx - INFO - HTTP Request: POST https://api.telegram.org/bot7853732142:AAFz_ajELFE7NaREq0TnGeGwjsB5xYounhc/getUpdates "HTTP/1.1 200 OK"
2025-02-08 17:39:26,654 - httpx - INFO - HTTP Request: POST https://api.telegram.org/bot7853732142:AAFz_ajELFE7NaREq0TnGeGwjsB5xYounhc/getUpdates "HTTP/1.1 200 OK"
2025-02-08 17:39:36,833 - httpx - INFO - HTTP Request: POST https://api.telegram.org/bot7853732142:AAFz_ajELFE7NaREq0TnGeGwjsB5xYounhc/getUpdates "HTTP/1.1 200 OK"
2025-02-08 17:39:47,107 - httpx - INFO - HTTP Request: POST https://api.telegram.org/bot7853732142:AAFz_ajELFE7NaREq0TnGeGwjsB5xYounhc/getUpdates "HTTP/1.1 200 OK"
2025-02-08 17:39:57,281 - httpx - INFO - HTTP Request: POST https://api.telegram.org/bot7853732142:AAFz_ajELFE7NaREq0TnGeGwjsB5xYounhc/getUpdates "HTTP/1.1 200 OK"
2025-02-08 17:40:07,517 - httpx - INFO - HTTP Request: POST https://api.telegram.org/bot7853732142:AAFz_ajELFE7NaREq0TnGeGwjsB5xYounhc/getUpdates "HTTP/1.1 200 OK"
2025-02-08 17:40:17,694 - httpx - INFO - HTTP Request: POST https://api.telegram.org/bot7853732142:AAFz_ajELFE7NaREq0TnGeGwjsB5xYounhc/getUpdates "HTTP/1.1 200 OK"
2025-02-08 17:40:27,929 - httpx - INFO - HTTP Request: POST https://api.telegram.org/bot7853732142:AAFz_ajELFE7NaREq0TnGeGwjsB5xYounhc/getUpdates "HTTP/1.1 200 OK"
2025-02-08 17:40:38,268 - httpx - INFO - HTTP Request: POST https://api.telegram.org/bot7853732142:AAFz_ajELFE7NaREq0TnGeGwjsB5xYounhc/getUpdates "HTTP/1.1 200 OK"
2025-02-08 17:40:48,525 - httpx - INFO - HTTP Request: POST https://api.telegram.org/bot7853732142:AAFz_ajELFE7NaREq0TnGeGwjsB5xYounhc/getUpdates "HTTP/1.1 200 OK"
2025-02-08 17:40:58,708 - httpx - INFO - HTTP Request: POST https://api.telegram.org/bot7853732142:AAFz_ajELFE7NaREq0TnGeGwjsB5xYounhc/getUpdates "HTTP/1.1 200 OK"
2025-02-08 17:41:08,924 - httpx - INFO - HTTP Request: POST https://api.telegram.org/bot7853732142:AAFz_ajELFE7NaREq0TnGeGwjsB5xYounhc/getUpdates "HTTP/1.1 200 OK"
2025-02-08 17:41:19,144 - httpx - INFO - HTTP Request: POST https://api.telegram.org/bot7853732142:AAFz_ajELFE7NaREq0TnGeGwjsB5xYounhc/getUpdates "HTTP/1.1 200 OK"
2025-02-08 17:41:29,362 - httpx - INFO - HTTP Request: POST https://api.telegram.org/bot7853732142:AAFz_ajELFE7NaREq0TnGeGwjsB5xYounhc/getUpdates "HTTP/1.1 200 OK"
2025-02-08 17:41:39,562 - httpx - INFO - HTTP Request: POST https://api.telegram.org/bot7853732142:AAFz_ajELFE7NaREq0TnGeGwjsB5xYounhc/getUpdates "HTTP/1.1 200 OK"
2025-02-08 17:41:50,061 - httpx - INFO - HTTP Request: POST https://api.telegram.org/bot7853732142:AAFz_ajELFE7NaREq0TnGeGwjsB5xYounhc/getUpdates "HTTP/1.1 200 OK"
2025-02-08 17:42:00,237 - httpx - INFO - HTTP Request: POST https://api.telegram.org/bot7853732142:AAFz_ajELFE7NaREq0TnGeGwjsB5xYounhc/getUpdates "HTTP/1.1 200 OK"
2025-02-08 17:42:10,439 - httpx - INFO - HTTP Request: POST https://api.telegram.org/bot7853732142:AAFz_ajELFE7NaREq0TnGeGwjsB5xYounhc/getUpdates "HTTP/1.1 200 OK"
2025-02-08 17:42:20,634 - httpx - INFO - HTTP Request: POST https://api.telegram.org/bot7853732142:AAFz_ajELFE7NaREq0TnGeGwjsB5xYounhc/getUpdates "HTTP/1.1 200 OK"
2025-02-08 17:42:30,814 - httpx - INFO - HTTP Request: POST https://api.telegram.org/bot7853732142:AAFz_ajELFE7NaREq0TnGeGwjsB5xYounhc/getUpdates "HTTP/1.1 200 OK"
2025-02-08 17:42:41,050 - httpx - INFO - HTTP Request: POST https://api.telegram.org/bot7853732142:AAFz_ajELFE7NaREq0TnGeGwjsB5xYounhc/getUpdates "HTTP/1.1 200 OK"
2025-02-08 17:42:51,244 - httpx - INFO - HTTP Request: POST https://api.telegram.org/bot7853732142:AAFz_ajELFE7NaREq0TnGeGwjsB5xYounhc/getUpdates "HTTP/1.1 200 OK"
2025-02-08 17:43:01,420 - httpx - INFO - HTTP Request: POST https://api.telegram.org/bot7853732142:AAFz_ajELFE7NaREq0TnGeGwjsB5xYounhc/getUpdates "HTTP/1.1 200 OK"
2025-02-08 17:43:11,608 - httpx - INFO - HTTP Request: POST https://api.telegram.org/bot7853732142:AAFz_ajELFE7NaREq0TnGeGwjsB5xYounhc/getUpdates "HTTP/1.1 200 OK"
2025-02-08 17:43:21,811 - httpx - INFO - HTTP Request: POST https://api.telegram.org/bot7853732142:AAFz_ajELFE7NaREq0TnGeGwjsB5xYounhc/getUpdates "HTTP/1.1 200 OK"
2025-02-08 17:43:32,024 - httpx - INFO - HTTP Request: POST https://api.telegram.org/bot7853732142:AAFz_ajELFE7NaREq0TnGeGwjsB5xYounhc/getUpdates "HTTP/1.1 200 OK"
2025-02-08 17:43:42,308 - httpx - INFO - HTTP Request: POST https://api.telegram.org/bot7853732142:AAFz_ajELFE7NaREq0TnGeGwjsB5xYounhc/getUpdates "HTTP/1.1 200 OK"
2025-02-08 17:43:52,504 - httpx - INFO - HTTP Request: POST https://api.telegram.org/bot7853732142:AAFz_ajELFE7NaREq0TnGeGwjsB5xYounhc/getUpdates "HTTP/1.1 200 OK"
2025-02-08 17:44:02,695 - httpx - INFO - HTTP Request: POST https://api.telegram.org/bot7853732142:AAFz_ajELFE7NaREq0TnGeGwjsB5xYounhc/getUpdates "HTTP/1.1 200 OK"
2025-02-08 17:44:12,871 - httpx - INFO - HTTP Request: POST https://api.telegram.org/bot7853732142:AAFz_ajELFE7NaREq0TnGeGwjsB5xYounhc/getUpdates "HTTP/1.1 200 OK"
2025-02-08 17:44:23,061 - httpx - INFO - HTTP Request: POST https://api.telegram.org/bot7853732142:AAFz_ajELFE7NaREq0TnGeGwjsB5xYounhc/getUpdates "HTTP/1.1 200 OK"
2025-02-08 17:44:33,396 - httpx - INFO - HTTP Request: POST https://api.telegram.org/bot7853732142:AAFz_ajELFE7NaREq0TnGeGwjsB5xYounhc/getUpdates "HTTP/1.1 200 OK"
2025-02-08 17:44:43,573 - httpx - INFO - HTTP Request: POST https://api.telegram.org/bot7853732142:AAFz_ajELFE7NaREq0TnGeGwjsB5xYounhc/getUpdates "HTTP/1.1 200 OK"
2025-02-08 17:44:53,883 - httpx - INFO - HTTP Request: POST https://api.telegram.org/bot7853732142:AAFz_ajELFE7NaREq0TnGeGwjsB5xYounhc/getUpdates "HTTP/1.1 200 OK"
2025-02-08 17:45:04,063 - httpx - INFO - HTTP Request: POST https://api.telegram.org/bot7853732142:AAFz_ajELFE7NaREq0TnGeGwjsB5xYounhc/getUpdates "HTTP/1.1 200 OK"
2025-02-08 17:45:14,257 - httpx - INFO - HTTP Request: POST https://api.telegram.org/bot7853732142:AAFz_ajELFE7NaREq0TnGeGwjsB5xYounhc/getUpdates "HTTP/1.1 200 OK"
2025-02-08 17:45:24,555 - httpx - INFO - HTTP Request: POST https://api.telegram.org/bot7853732142:AAFz_ajELFE7NaREq0TnGeGwjsB5xYounhc/getUpdates "HTTP/1.1 200 OK"
2025-02-08 17:45:35,538 - httpx - INFO - HTTP Request: POST https://api.telegram.org/bot7853732142:AAFz_ajELFE7NaREq0TnGeGwjsB5xYounhc/getUpdates "HTTP/1.1 200 OK"
2025-02-08 17:45:45,731 - httpx - INFO - HTTP Request: POST https://api.telegram.org/bot7853732142:AAFz_ajELFE7NaREq0TnGeGwjsB5xYounhc/getUpdates "HTTP/1.1 200 OK"
2025-02-08 17:45:59,727 - httpx - INFO - HTTP Request: POST https://api.telegram.org/bot7853732142:AAFz_ajELFE7NaREq0TnGeGwjsB5xYounhc/getUpdates "HTTP/1.1 200 OK"
2025-02-08 17:46:09,965 - httpx - INFO - HTTP Request: POST https://api.telegram.org/bot7853732142:AAFz_ajELFE7NaREq0TnGeGwjsB5xYounhc/getUpdates "HTTP/1.1 200 OK"
2025-02-08 17:46:20,142 - httpx - INFO - HTTP Request: POST https://api.telegram.org/bot7853732142:AAFz_ajELFE7NaREq0TnGeGwjsB5xYounhc/getUpdates "HTTP/1.1 200 OK"
2025-02-08 17:46:30,320 - httpx - INFO - HTTP Request: POST https://api.telegram.org/bot7853732142:AAFz_ajELFE7NaREq0TnGeGwjsB5xYounhc/getUpdates "HTTP/1.1 200 OK"
2025-02-08 17:46:40,497 - httpx - INFO - HTTP Request: POST https://api.telegram.org/bot7853732142:AAFz_ajELFE7NaREq0TnGeGwjsB5xYounhc/getUpdates "HTTP/1.1 200 OK"
2025-02-08 17:46:50,671 - httpx - INFO - HTTP Request: POST https://api.telegram.org/bot7853732142:AAFz_ajELFE7NaREq0TnGeGwjsB5xYounhc/getUpdates "HTTP/1.1 200 OK"
2025-02-08 17:47:00,848 - httpx - INFO - HTTP Request: POST https://api.telegram.org/bot7853732142:AAFz_ajELFE7NaREq0TnGeGwjsB5xYounhc/getUpdates "HTTP/1.1 200 OK"
2025-02-08 17:47:11,178 - httpx - INFO - HTTP Request: POST https://api.telegram.org/bot7853732142:AAFz_ajELFE7NaREq0TnGeGwjsB5xYounhc/getUpdates "HTTP/1.1 200 OK"
2025-02-08 17:47:21,387 - httpx - INFO - HTTP Request: POST https://api.telegram.org/bot7853732142:AAFz_ajELFE7NaREq0TnGeGwjsB5xYounhc/getUpdates "HTTP/1.1 200 OK"
2025-02-08 17:47:31,565 - httpx - INFO - HTTP Request: POST https://api.telegram.org/bot7853732142:AAFz_ajELFE7NaREq0TnGeGwjsB5xYounhc/getUpdates "HTTP/1.1 200 OK"
2025-02-08 17:47:41,852 - httpx - INFO - HTTP Request: POST https://api.telegram.org/bot7853732142:AAFz_ajELFE7NaREq0TnGeGwjsB5xYounhc/getUpdates "HTTP/1.1 200 OK"
2025-02-08 17:47:52,034 - httpx - INFO - HTTP Request: POST https://api.telegram.org/bot7853732142:AAFz_ajELFE7NaREq0TnGeGwjsB5xYounhc/getUpdates "HTTP/1.1 200 OK"
2025-02-08 17:48:02,258 - httpx - INFO - HTTP Request: POST https://api.telegram.org/bot7853732142:AAFz_ajELFE7NaREq0TnGeGwjsB5xYounhc/getUpdates "HTTP/1.1 200 OK"
2025-02-08 17:48:12,491 - httpx - INFO - HTTP Request: POST https://api.telegram.org/bot7853732142:AAFz_ajELFE7NaREq0TnGeGwjsB5xYounhc/getUpdates "HTTP/1.1 200 OK"
2025-02-08 17:48:22,669 - httpx - INFO - HTTP Request: POST https://api.telegram.org/bot7853732142:AAFz_ajELFE7NaREq0TnGeGwjsB5xYounhc/getUpdates "HTTP/1.1 200 OK"
2025-02-08 17:48:32,845 - httpx - INFO - HTTP Request: POST https://api.telegram.org/bot7853732142:AAFz_ajELFE7NaREq0TnGeGwjsB5xYounhc/getUpdates "HTTP/1.1 200 OK"
2025-02-08 17:48:43,020 - httpx - INFO - HTTP Request: POST https://api.telegram.org/bot7853732142:AAFz_ajELFE7NaREq0TnGeGwjsB5xYounhc/getUpdates "HTTP/1.1 200 OK"
2025-02-08 17:48:53,200 - httpx - INFO - HTTP Request: POST https://api.telegram.org/bot7853732142:AAFz_ajELFE7NaREq0TnGeGwjsB5xYounhc/getUpdates "HTTP/1.1 200 OK"
2025-02-08 17:49:03,379 - httpx - INFO - HTTP Request: POST https://api.telegram.org/bot7853732142:AAFz_ajELFE7NaREq0TnGeGwjsB5xYounhc/getUpdates "HTTP/1.1 200 OK"
2025-02-08 17:49:13,560 - httpx - INFO - HTTP Request: POST https://api.telegram.org/bot7853732142:AAFz_ajELFE7NaREq0TnGeGwjsB5xYounhc/getUpdates "HTTP/1.1 200 OK"
2025-02-08 17:49:23,908 - httpx - INFO - HTTP Request: POST https://api.telegram.org/bot7853732142:AAFz_ajELFE7NaREq0TnGeGwjsB5xYounhc/getUpdates "HTTP/1.1 200 OK"
2025-02-08 17:49:34,087 - httpx - INFO - HTTP Request: POST https://api.telegram.org/bot7853732142:AAFz_ajELFE7NaREq0TnGeGwjsB5xYounhc/getUpdates "HTTP/1.1 200 OK"
2025-02-08 17:49:44,277 - httpx - INFO - HTTP Request: POST https://api.telegram.org/bot7853732142:AAFz_ajELFE7NaREq0TnGeGwjsB5xYounhc/getUpdates "HTTP/1.1 200 OK"
2025-02-08 17:49:54,452 - httpx - INFO - HTTP Request: POST https://api.telegram.org/bot7853732142:AAFz_ajELFE7NaREq0TnGeGwjsB5xYounhc/getUpdates "HTTP/1.1 200 OK"
2025-02-08 17:50:04,650 - httpx - INFO - HTTP Request: POST https://api.telegram.org/bot7853732142:AAFz_ajELFE7NaREq0TnGeGwjsB5xYounhc/getUpdates "HTTP/1.1 200 OK"
2025-02-08 17:50:14,825 - httpx - INFO - HTTP Request: POST https://api.telegram.org/bot7853732142:AAFz_ajELFE7NaREq0TnGeGwjsB5xYounhc/getUpdates "HTTP/1.1 200 OK"
2025-02-08 17:50:25,000 - httpx - INFO - HTTP Request: POST https://api.telegram.org/bot7853732142:AAFz_ajELFE7NaREq0TnGeGwjsB5xYounhc/getUpdates "HTTP/1.1 200 OK"
2025-02-08 17:50:35,213 - httpx - INFO - HTTP Request: POST https://api.telegram.org/bot7853732142:AAFz_ajELFE7NaREq0TnGeGwjsB5xYounhc/getUpdates "HTTP/1.1 200 OK"
2025-02-08 17:50:45,393 - httpx - INFO - HTTP Request: POST https://api.telegram.org/bot7853732142:AAFz_ajELFE7NaREq0TnGeGwjsB5xYounhc/getUpdates "HTTP/1.1 200 OK"
2025-02-08 17:50:55,572 - httpx - INFO - HTTP Request: POST https://api.telegram.org/bot7853732142:AAFz_ajELFE7NaREq0TnGeGwjsB5xYounhc/getUpdates "HTTP/1.1 200 OK"
2025-02-08 17:51:05,758 - httpx - INFO - HTTP Request: POST https://api.telegram.org/bot7853732142:AAFz_ajELFE7NaREq0TnGeGwjsB5xYounhc/getUpdates "HTTP/1.1 200 OK"
2025-02-08 17:51:11,356 - httpx - INFO - HTTP Request: POST https://api.telegram.org/bot7853732142:AAFz_ajELFE7NaREq0TnGeGwjsB5xYounhc/getUpdates "HTTP/1.1 200 OK"
2025-02-08 17:51:13,562 - httpx - INFO - HTTP Request: POST https://api.telegram.org/bot7853732142:AAFz_ajELFE7NaREq0TnGeGwjsB5xYounhc/sendMessage "HTTP/1.1 200 OK"
2025-02-08 17:51:22,916 - httpx - INFO - HTTP Request: POST https://api.telegram.org/bot7853732142:AAFz_ajELFE7NaREq0TnGeGwjsB5xYounhc/getUpdates "HTTP/1.1 200 OK"
2025-02-08 17:51:33,092 - httpx - INFO - HTTP Request: POST https://api.telegram.org/bot7853732142:AAFz_ajELFE7NaREq0TnGeGwjsB5xYounhc/getUpdates "HTTP/1.1 200 OK"
2025-02-08 17:51:43,276 - httpx - INFO - HTTP Request: POST https://api.telegram.org/bot7853732142:AAFz_ajELFE7NaREq0TnGeGwjsB5xYounhc/getUpdates "HTTP/1.1 200 OK"
2025-02-08 17:51:53,453 - httpx - INFO - HTTP Request: POST https://api.telegram.org/bot7853732142:AAFz_ajELFE7NaREq0TnGeGwjsB5xYounhc/getUpdates "HTTP/1.1 200 OK"
2025-02-08 17:52:03,634 - httpx - INFO - HTTP Request: POST https://api.telegram.org/bot7853732142:AAFz_ajELFE7NaREq0TnGeGwjsB5xYounhc/getUpdates "HTTP/1.1 200 OK"
2025-02-08 17:52:13,903 - httpx - INFO - HTTP Request: POST https://api.telegram.org/bot7853732142:AAFz_ajELFE7NaREq0TnGeGwjsB5xYounhc/getUpdates "HTTP/1.1 200 OK"
2025-02-08 17:52:24,140 - httpx - INFO - HTTP Request: POST https://api.telegram.org/bot7853732142:AAFz_ajELFE7NaREq0TnGeGwjsB5xYounhc/getUpdates "HTTP/1.1 200 OK"
2025-02-08 17:52:34,490 - httpx - INFO - HTTP Request: POST https://api.telegram.org/bot7853732142:AAFz_ajELFE7NaREq0TnGeGwjsB5xYounhc/getUpdates "HTTP/1.1 200 OK"
2025-02-08 17:52:44,669 - httpx - INFO - HTTP Request: POST https://api.telegram.org/bot7853732142:AAFz_ajELFE7NaREq0TnGeGwjsB5xYounhc/getUpdates "HTTP/1.1 200 OK"
2025-02-08 17:52:54,845 - httpx - INFO - HTTP Request: POST https://api.telegram.org/bot7853732142:AAFz_ajELFE7NaREq0TnGeGwjsB5xYounhc/getUpdates "HTTP/1.1 200 OK"
2025-02-08 17:53:05,026 - httpx - INFO - HTTP Request: POST https://api.telegram.org/bot7853732142:AAFz_ajELFE7NaREq0TnGeGwjsB5xYounhc/getUpdates "HTTP/1.1 200 OK"
2025-02-08 17:53:15,207 - httpx - INFO - HTTP Request: POST https://api.telegram.org/bot7853732142:AAFz_ajELFE7NaREq0TnGeGwjsB5xYounhc/getUpdates "HTTP/1.1 200 OK"
2025-02-08 17:53:25,387 - httpx - INFO - HTTP Request: POST https://api.telegram.org/bot7853732142:AAFz_ajELFE7NaREq0TnGeGwjsB5xYounhc/getUpdates "HTTP/1.1 200 OK"
2025-02-08 17:53:35,569 - httpx - INFO - HTTP Request: POST https://api.telegram.org/bot7853732142:AAFz_ajELFE7NaREq0TnGeGwjsB5xYounhc/getUpdates "HTTP/1.1 200 OK"
2025-02-08 17:53:45,782 - httpx - INFO - HTTP Request: POST https://api.telegram.org/bot7853732142:AAFz_ajELFE7NaREq0TnGeGwjsB5xYounhc/getUpdates "HTTP/1.1 200 OK"
2025-02-08 17:53:56,013 - httpx - INFO - HTTP Request: POST https://api.telegram.org/bot7853732142:AAFz_ajELFE7NaREq0TnGeGwjsB5xYounhc/getUpdates "HTTP/1.1 200 OK"
2025-02-08 17:54:06,516 - httpx - INFO - HTTP Request: POST https://api.telegram.org/bot7853732142:AAFz_ajELFE7NaREq0TnGeGwjsB5xYounhc/getUpdates "HTTP/1.1 200 OK"
2025-02-08 17:54:16,690 - httpx - INFO - HTTP Request: POST https://api.telegram.org/bot7853732142:AAFz_ajELFE7NaREq0TnGeGwjsB5xYounhc/getUpdates "HTTP/1.1 200 OK"
2025-02-08 17:54:26,877 - httpx - INFO - HTTP Request: POST https://api.telegram.org/bot7853732142:AAFz_ajELFE7NaREq0TnGeGwjsB5xYounhc/getUpdates "HTTP/1.1 200 OK"
2025-02-08 17:54:37,057 - httpx - INFO - HTTP Request: POST https://api.telegram.org/bot7853732142:AAFz_ajELFE7NaREq0TnGeGwjsB5xYounhc/getUpdates "HTTP/1.1 200 OK"
2025-02-08 17:54:47,243 - httpx - INFO - HTTP Request: POST https://api.telegram.org/bot7853732142:AAFz_ajELFE7NaREq0TnGeGwjsB5xYounhc/getUpdates "HTTP/1.1 200 OK"
2025-02-08 17:54:57,489 - httpx - INFO - HTTP Request: POST https://api.telegram.org/bot7853732142:AAFz_ajELFE7NaREq0TnGeGwjsB5xYounhc/getUpdates "HTTP/1.1 200 OK"
2025-02-08 17:55:07,667 - httpx - INFO - HTTP Request: POST https://api.telegram.org/bot7853732142:AAFz_ajELFE7NaREq0TnGeGwjsB5xYounhc/getUpdates "HTTP/1.1 200 OK"
2025-02-08 17:55:18,014 - httpx - INFO - HTTP Request: POST https://api.telegram.org/bot7853732142:AAFz_ajELFE7NaREq0TnGeGwjsB5xYounhc/getUpdates "HTTP/1.1 200 OK"
2025-02-08 17:55:28,276 - httpx - INFO - HTTP Request: POST https://api.telegram.org/bot7853732142:AAFz_ajELFE7NaREq0TnGeGwjsB5xYounhc/getUpdates "HTTP/1.1 200 OK"
2025-02-08 17:55:38,483 - httpx - INFO - HTTP Request: POST https://api.telegram.org/bot7853732142:AAFz_ajELFE7NaREq0TnGeGwjsB5xYounhc/getUpdates "HTTP/1.1 200 OK"
2025-02-08 17:55:48,739 - httpx - INFO - HTTP Request: POST https://api.telegram.org/bot7853732142:AAFz_ajELFE7NaREq0TnGeGwjsB5xYounhc/getUpdates "HTTP/1.1 200 OK"
2025-02-08 17:55:59,063 - httpx - INFO - HTTP Request: POST https://api.telegram.org/bot7853732142:AAFz_ajELFE7NaREq0TnGeGwjsB5xYounhc/getUpdates "HTTP/1.1 200 OK"
2025-02-08 17:56:09,240 - httpx - INFO - HTTP Request: POST https://api.telegram.org/bot7853732142:AAFz_ajELFE7NaREq0TnGeGwjsB5xYounhc/getUpdates "HTTP/1.1 200 OK"
2025-02-08 17:56:19,454 - httpx - INFO - HTTP Request: POST https://api.telegram.org/bot7853732142:AAFz_ajELFE7NaREq0TnGeGwjsB5xYounhc/getUpdates "HTTP/1.1 200 OK"
2025-02-08 17:56:29,652 - httpx - INFO - HTTP Request: POST https://api.telegram.org/bot7853732142:AAFz_ajELFE7NaREq0TnGeGwjsB5xYounhc/getUpdates "HTTP/1.1 200 OK"
2025-02-08 17:56:39,831 - httpx - INFO - HTTP Request: POST https://api.telegram.org/bot7853732142:AAFz_ajELFE7NaREq0TnGeGwjsB5xYounhc/getUpdates "HTTP/1.1 200 OK"
2025-02-08 17:56:50,047 - httpx - INFO - HTTP Request: POST https://api.telegram.org/bot7853732142:AAFz_ajELFE7NaREq0TnGeGwjsB5xYounhc/getUpdates "HTTP/1.1 200 OK"
2025-02-08 17:57:00,308 - httpx - INFO - HTTP Request: POST https://api.telegram.org/bot7853732142:AAFz_ajELFE7NaREq0TnGeGwjsB5xYounhc/getUpdates "HTTP/1.1 200 OK"
2025-02-08 17:57:10,526 - httpx - INFO - HTTP Request: POST https://api.telegram.org/bot7853732142:AAFz_ajELFE7NaREq0TnGeGwjsB5xYounhc/getUpdates "HTTP/1.1 200 OK"
2025-02-08 17:57:21,587 - httpx - INFO - HTTP Request: POST https://api.telegram.org/bot7853732142:AAFz_ajELFE7NaREq0TnGeGwjsB5xYounhc/getUpdates "HTTP/1.1 200 OK"
2025-02-08 17:57:31,965 - httpx - INFO - HTTP Request: POST https://api.telegram.org/bot7853732142:AAFz_ajELFE7NaREq0TnGeGwjsB5xYounhc/getUpdates "HTTP/1.1 200 OK"
2025-02-08 17:57:42,447 - httpx - INFO - HTTP Request: POST https://api.telegram.org/bot7853732142:AAFz_ajELFE7NaREq0TnGeGwjsB5xYounhc/getUpdates "HTTP/1.1 200 OK"
2025-02-08 17:57:52,826 - httpx - INFO - HTTP Request: POST https://api.telegram.org/bot7853732142:AAFz_ajELFE7NaREq0TnGeGwjsB5xYounhc/getUpdates "HTTP/1.1 200 OK"
2025-02-08 17:58:03,000 - httpx - INFO - HTTP Request: POST https://api.telegram.org/bot7853732142:AAFz_ajELFE7NaREq0TnGeGwjsB5xYounhc/getUpdates "HTTP/1.1 200 OK"
2025-02-08 17:58:13,430 - httpx - INFO - HTTP Request: POST https://api.telegram.org/bot7853732142:AAFz_ajELFE7NaREq0TnGeGwjsB5xYounhc/getUpdates "HTTP/1.1 200 OK"
2025-02-08 17:58:23,606 - httpx - INFO - HTTP Request: POST https://api.telegram.org/bot7853732142:AAFz_ajELFE7NaREq0TnGeGwjsB5xYounhc/getUpdates "HTTP/1.1 200 OK"
2025-02-08 17:58:34,502 - httpx - INFO - HTTP Request: POST https://api.telegram.org/bot7853732142:AAFz_ajELFE7NaREq0TnGeGwjsB5xYounhc/getUpdates "HTTP/1.1 200 OK"
2025-02-08 17:58:44,963 - httpx - INFO - HTTP Request: POST https://api.telegram.org/bot7853732142:AAFz_ajELFE7NaREq0TnGeGwjsB5xYounhc/getUpdates "HTTP/1.1 200 OK"
2025-02-08 17:58:59,296 - httpx - INFO - HTTP Request: POST https://api.telegram.org/bot7853732142:AAFz_ajELFE7NaREq0TnGeGwjsB5xYounhc/getUpdates "HTTP/1.1 200 OK"
2025-02-08 17:59:09,518 - httpx - INFO - HTTP Request: POST https://api.telegram.org/bot7853732142:AAFz_ajELFE7NaREq0TnGeGwjsB5xYounhc/getUpdates "HTTP/1.1 200 OK"
2025-02-08 17:59:19,695 - httpx - INFO - HTTP Request: POST https://api.telegram.org/bot7853732142:AAFz_ajELFE7NaREq0TnGeGwjsB5xYounhc/getUpdates "HTTP/1.1 200 OK"
2025-02-08 17:59:29,906 - httpx - INFO - HTTP Request: POST https://api.telegram.org/bot7853732142:AAFz_ajELFE7NaREq0TnGeGwjsB5xYounhc/getUpdates "HTTP/1.1 200 OK"
2025-02-08 17:59:40,167 - httpx - INFO - HTTP Request: POST https://api.telegram.org/bot7853732142:AAFz_ajELFE7NaREq0TnGeGwjsB5xYounhc/getUpdates "HTTP/1.1 200 OK"
2025-02-08 17:59:50,482 - httpx - INFO - HTTP Request: POST https://api.telegram.org/bot7853732142:AAFz_ajELFE7NaREq0TnGeGwjsB5xYounhc/getUpdates "HTTP/1.1 200 OK"
2025-02-08 18:00:00,656 - httpx - INFO - HTTP Request: POST https://api.telegram.org/bot7853732142:AAFz_ajELFE7NaREq0TnGeGwjsB5xYounhc/getUpdates "HTTP/1.1 200 OK"
2025-02-08 18:00:10,843 - httpx - INFO - HTTP Request: POST https://api.telegram.org/bot7853732142:AAFz_ajELFE7NaREq0TnGeGwjsB5xYounhc/getUpdates "HTTP/1.1 200 OK"
2025-02-08 18:00:21,021 - httpx - INFO - HTTP Request: POST https://api.telegram.org/bot7853732142:AAFz_ajELFE7NaREq0TnGeGwjsB5xYounhc/getUpdates "HTTP/1.1 200 OK"
2025-02-08 18:00:31,203 - httpx - INFO - HTTP Request: POST https://api.telegram.org/bot7853732142:AAFz_ajELFE7NaREq0TnGeGwjsB5xYounhc/getUpdates "HTTP/1.1 200 OK"
2025-02-08 18:00:41,383 - httpx - INFO - HTTP Request: POST https://api.telegram.org/bot7853732142:AAFz_ajELFE7NaREq0TnGeGwjsB5xYounhc/getUpdates "HTTP/1.1 200 OK"
2025-02-08 18:00:51,564 - httpx - INFO - HTTP Request: POST https://api.telegram.org/bot7853732142:AAFz_ajELFE7NaREq0TnGeGwjsB5xYounhc/getUpdates "HTTP/1.1 200 OK"
2025-02-08 18:01:01,790 - httpx - INFO - HTTP Request: POST https://api.telegram.org/bot7853732142:AAFz_ajELFE7NaREq0TnGeGwjsB5xYounhc/getUpdates "HTTP/1.1 200 OK"
2025-02-08 18:01:12,029 - httpx - INFO - HTTP Request: POST https://api.telegram.org/bot7853732142:AAFz_ajELFE7NaREq0TnGeGwjsB5xYounhc/getUpdates "HTTP/1.1 200 OK"
2025-02-08 18:01:22,208 - httpx - INFO - HTTP Request: POST https://api.telegram.org/bot7853732142:AAFz_ajELFE7NaREq0TnGeGwjsB5xYounhc/getUpdates "HTTP/1.1 200 OK"
2025-02-08 18:01:32,391 - httpx - INFO - HTTP Request: POST https://api.telegram.org/bot7853732142:AAFz_ajELFE7NaREq0TnGeGwjsB5xYounhc/getUpdates "HTTP/1.1 200 OK"
2025-02-08 18:01:42,569 - httpx - INFO - HTTP Request: POST https://api.telegram.org/bot7853732142:AAFz_ajELFE7NaREq0TnGeGwjsB5xYounhc/getUpdates "HTTP/1.1 200 OK"
2025-02-08 18:01:52,861 - httpx - INFO - HTTP Request: POST https://api.telegram.org/bot7853732142:AAFz_ajELFE7NaREq0TnGeGwjsB5xYounhc/getUpdates "HTTP/1.1 200 OK"
2025-02-08 18:02:03,037 - httpx - INFO - HTTP Request: POST https://api.telegram.org/bot7853732142:AAFz_ajELFE7NaREq0TnGeGwjsB5xYounhc/getUpdates "HTTP/1.1 200 OK"
2025-02-08 18:02:13,227 - httpx - INFO - HTTP Request: POST https://api.telegram.org/bot7853732142:AAFz_ajELFE7NaREq0TnGeGwjsB5xYounhc/getUpdates "HTTP/1.1 200 OK"
2025-02-08 18:02:23,438 - httpx - INFO - HTTP Request: POST https://api.telegram.org/bot7853732142:AAFz_ajELFE7NaREq0TnGeGwjsB5xYounhc/getUpdates "HTTP/1.1 200 OK"
2025-02-08 18:02:33,626 - httpx - INFO - HTTP Request: POST https://api.telegram.org/bot7853732142:AAFz_ajELFE7NaREq0TnGeGwjsB5xYounhc/getUpdates "HTTP/1.1 200 OK"
2025-02-08 18:02:45,012 - httpx - INFO - HTTP Request: POST https://api.telegram.org/bot7853732142:AAFz_ajELFE7NaREq0TnGeGwjsB5xYounhc/getUpdates "HTTP/1.1 200 OK"
2025-02-08 18:02:55,197 - httpx - INFO - HTTP Request: POST https://api.telegram.org/bot7853732142:AAFz_ajELFE7NaREq0TnGeGwjsB5xYounhc/getUpdates "HTTP/1.1 200 OK"
2025-02-08 18:03:05,373 - httpx - INFO - HTTP Request: POST https://api.telegram.org/bot7853732142:AAFz_ajELFE7NaREq0TnGeGwjsB5xYounhc/getUpdates "HTTP/1.1 200 OK"
2025-02-08 18:03:15,555 - httpx - INFO - HTTP Request: POST https://api.telegram.org/bot7853732142:AAFz_ajELFE7NaREq0TnGeGwjsB5xYounhc/getUpdates "HTTP/1.1 200 OK"
2025-02-08 18:03:25,748 - httpx - INFO - HTTP Request: POST https://api.telegram.org/bot7853732142:AAFz_ajELFE7NaREq0TnGeGwjsB5xYounhc/getUpdates "HTTP/1.1 200 OK"
2025-02-08 18:03:35,990 - httpx - INFO - HTTP Request: POST https://api.telegram.org/bot7853732142:AAFz_ajELFE7NaREq0TnGeGwjsB5xYounhc/getUpdates "HTTP/1.1 200 OK"
2025-02-08 18:03:46,172 - httpx - INFO - HTTP Request: POST https://api.telegram.org/bot7853732142:AAFz_ajELFE7NaREq0TnGeGwjsB5xYounhc/getUpdates "HTTP/1.1 200 OK"
2025-02-08 18:03:56,346 - httpx - INFO - HTTP Request: POST https://api.telegram.org/bot7853732142:AAFz_ajELFE7NaREq0TnGeGwjsB5xYounhc/getUpdates "HTTP/1.1 200 OK"
2025-02-08 18:04:06,535 - httpx - INFO - HTTP Request: POST https://api.telegram.org/bot7853732142:AAFz_ajELFE7NaREq0TnGeGwjsB5xYounhc/getUpdates "HTTP/1.1 200 OK"
2025-02-08 18:04:16,712 - httpx - INFO - HTTP Request: POST https://api.telegram.org/bot7853732142:AAFz_ajELFE7NaREq0TnGeGwjsB5xYounhc/getUpdates "HTTP/1.1 200 OK"
2025-02-08 18:04:27,126 - httpx - INFO - HTTP Request: POST https://api.telegram.org/bot7853732142:AAFz_ajELFE7NaREq0TnGeGwjsB5xYounhc/getUpdates "HTTP/1.1 200 OK"
2025-02-08 18:04:37,311 - httpx - INFO - HTTP Request: POST https://api.telegram.org/bot7853732142:AAFz_ajELFE7NaREq0TnGeGwjsB5xYounhc/getUpdates "HTTP/1.1 200 OK"
2025-02-08 18:04:47,697 - httpx - INFO - HTTP Request: POST https://api.telegram.org/bot7853732142:AAFz_ajELFE7NaREq0TnGeGwjsB5xYounhc/getUpdates "HTTP/1.1 200 OK"
2025-02-08 18:04:57,952 - httpx - INFO - HTTP Request: POST https://api.telegram.org/bot7853732142:AAFz_ajELFE7NaREq0TnGeGwjsB5xYounhc/getUpdates "HTTP/1.1 200 OK"
2025-02-08 18:05:08,128 - httpx - INFO - HTTP Request: POST https://api.telegram.org/bot7853732142:AAFz_ajELFE7NaREq0TnGeGwjsB5xYounhc/getUpdates "HTTP/1.1 200 OK"
2025-02-08 18:05:18,383 - httpx - INFO - HTTP Request: POST https://api.telegram.org/bot7853732142:AAFz_ajELFE7NaREq0TnGeGwjsB5xYounhc/getUpdates "HTTP/1.1 200 OK"
2025-02-08 18:05:28,643 - httpx - INFO - HTTP Request: POST https://api.telegram.org/bot7853732142:AAFz_ajELFE7NaREq0TnGeGwjsB5xYounhc/getUpdates "HTTP/1.1 200 OK"
2025-02-08 18:05:38,817 - httpx - INFO - HTTP Request: POST https://api.telegram.org/bot7853732142:AAFz_ajELFE7NaREq0TnGeGwjsB5xYounhc/getUpdates "HTTP/1.1 200 OK"
2025-02-08 18:05:49,005 - httpx - INFO - HTTP Request: POST https://api.telegram.org/bot7853732142:AAFz_ajELFE7NaREq0TnGeGwjsB5xYounhc/getUpdates "HTTP/1.1 200 OK"
2025-02-08 18:05:59,180 - httpx - INFO - HTTP Request: POST https://api.telegram.org/bot7853732142:AAFz_ajELFE7NaREq0TnGeGwjsB5xYounhc/getUpdates "HTTP/1.1 200 OK"
2025-02-08 18:06:09,362 - httpx - INFO - HTTP Request: POST https://api.telegram.org/bot7853732142:AAFz_ajELFE7NaREq0TnGeGwjsB5xYounhc/getUpdates "HTTP/1.1 200 OK"
2025-02-08 18:06:19,542 - httpx - INFO - HTTP Request: POST https://api.telegram.org/bot7853732142:AAFz_ajELFE7NaREq0TnGeGwjsB5xYounhc/getUpdates "HTTP/1.1 200 OK"
2025-02-08 18:06:29,715 - httpx - INFO - HTTP Request: POST https://api.telegram.org/bot7853732142:AAFz_ajELFE7NaREq0TnGeGwjsB5xYounhc/getUpdates "HTTP/1.1 200 OK"
2025-02-08 18:06:39,893 - httpx - INFO - HTTP Request: POST https://api.telegram.org/bot7853732142:AAFz_ajELFE7NaREq0TnGeGwjsB5xYounhc/getUpdates "HTTP/1.1 200 OK"
2025-02-08 18:06:50,162 - httpx - INFO - HTTP Request: POST https://api.telegram.org/bot7853732142:AAFz_ajELFE7NaREq0TnGeGwjsB5xYounhc/getUpdates "HTTP/1.1 200 OK"
2025-02-08 18:07:00,350 - httpx - INFO - HTTP Request: POST https://api.telegram.org/bot7853732142:AAFz_ajELFE7NaREq0TnGeGwjsB5xYounhc/getUpdates "HTTP/1.1 200 OK"
2025-02-08 18:07:10,543 - httpx - INFO - HTTP Request: POST https://api.telegram.org/bot7853732142:AAFz_ajELFE7NaREq0TnGeGwjsB5xYounhc/getUpdates "HTTP/1.1 200 OK"
2025-02-08 18:07:20,717 - httpx - INFO - HTTP Request: POST https://api.telegram.org/bot7853732142:AAFz_ajELFE7NaREq0TnGeGwjsB5xYounhc/getUpdates "HTTP/1.1 200 OK"
2025-02-08 18:07:30,891 - httpx - INFO - HTTP Request: POST https://api.telegram.org/bot7853732142:AAFz_ajELFE7NaREq0TnGeGwjsB5xYounhc/getUpdates "HTTP/1.1 200 OK"
2025-02-08 18:07:41,097 - httpx - INFO - HTTP Request: POST https://api.telegram.org/bot7853732142:AAFz_ajELFE7NaREq0TnGeGwjsB5xYounhc/getUpdates "HTTP/1.1 200 OK"
2025-02-08 18:07:51,277 - httpx - INFO - HTTP Request: POST https://api.telegram.org/bot7853732142:AAFz_ajELFE7NaREq0TnGeGwjsB5xYounhc/getUpdates "HTTP/1.1 200 OK"
2025-02-08 18:08:01,460 - httpx - INFO - HTTP Request: POST https://api.telegram.org/bot7853732142:AAFz_ajELFE7NaREq0TnGeGwjsB5xYounhc/getUpdates "HTTP/1.1 200 OK"
2025-02-08 18:08:11,636 - httpx - INFO - HTTP Request: POST https://api.telegram.org/bot7853732142:AAFz_ajELFE7NaREq0TnGeGwjsB5xYounhc/getUpdates "HTTP/1.1 200 OK"
2025-02-08 18:08:21,914 - httpx - INFO - HTTP Request: POST https://api.telegram.org/bot7853732142:AAFz_ajELFE7NaREq0TnGeGwjsB5xYounhc/getUpdates "HTTP/1.1 200 OK"
2025-02-08 18:08:32,088 - httpx - INFO - HTTP Request: POST https://api.telegram.org/bot7853732142:AAFz_ajELFE7NaREq0TnGeGwjsB5xYounhc/getUpdates "HTTP/1.1 200 OK"
2025-02-08 18:08:42,488 - httpx - INFO - HTTP Request: POST https://api.telegram.org/bot7853732142:AAFz_ajELFE7NaREq0TnGeGwjsB5xYounhc/getUpdates "HTTP/1.1 200 OK"
2025-02-08 18:08:53,756 - httpx - INFO - HTTP Request: POST https://api.telegram.org/bot7853732142:AAFz_ajELFE7NaREq0TnGeGwjsB5xYounhc/getUpdates "HTTP/1.1 200 OK"
2025-02-08 18:09:04,125 - httpx - INFO - HTTP Request: POST https://api.telegram.org/bot7853732142:AAFz_ajELFE7NaREq0TnGeGwjsB5xYounhc/getUpdates "HTTP/1.1 200 OK"
2025-02-08 18:09:14,300 - httpx - INFO - HTTP Request: POST https://api.telegram.org/bot7853732142:AAFz_ajELFE7NaREq0TnGeGwjsB5xYounhc/getUpdates "HTTP/1.1 200 OK"
2025-02-08 18:09:24,475 - httpx - INFO - HTTP Request: POST https://api.telegram.org/bot7853732142:AAFz_ajELFE7NaREq0TnGeGwjsB5xYounhc/getUpdates "HTTP/1.1 200 OK"
2025-02-08 18:09:34,648 - httpx - INFO - HTTP Request: POST https://api.telegram.org/bot7853732142:AAFz_ajELFE7NaREq0TnGeGwjsB5xYounhc/getUpdates "HTTP/1.1 200 OK"
2025-02-08 18:09:44,824 - httpx - INFO - HTTP Request: POST https://api.telegram.org/bot7853732142:AAFz_ajELFE7NaREq0TnGeGwjsB5xYounhc/getUpdates "HTTP/1.1 200 OK"
2025-02-08 18:09:55,005 - httpx - INFO - HTTP Request: POST https://api.telegram.org/bot7853732142:AAFz_ajELFE7NaREq0TnGeGwjsB5xYounhc/getUpdates "HTTP/1.1 200 OK"
2025-02-08 18:10:05,177 - httpx - INFO - HTTP Request: POST https://api.telegram.org/bot7853732142:AAFz_ajELFE7NaREq0TnGeGwjsB5xYounhc/getUpdates "HTTP/1.1 200 OK"
2025-02-08 18:10:15,357 - httpx - INFO - HTTP Request: POST https://api.telegram.org/bot7853732142:AAFz_ajELFE7NaREq0TnGeGwjsB5xYounhc/getUpdates "HTTP/1.1 200 OK"
2025-02-08 18:10:25,532 - httpx - INFO - HTTP Request: POST https://api.telegram.org/bot7853732142:AAFz_ajELFE7NaREq0TnGeGwjsB5xYounhc/getUpdates "HTTP/1.1 200 OK"
2025-02-08 18:10:35,705 - httpx - INFO - HTTP Request: POST https://api.telegram.org/bot7853732142:AAFz_ajELFE7NaREq0TnGeGwjsB5xYounhc/getUpdates "HTTP/1.1 200 OK"
2025-02-08 18:10:45,977 - httpx - INFO - HTTP Request: POST https://api.telegram.org/bot7853732142:AAFz_ajELFE7NaREq0TnGeGwjsB5xYounhc/getUpdates "HTTP/1.1 200 OK"
2025-02-08 18:10:56,149 - httpx - INFO - HTTP Request: POST https://api.telegram.org/bot7853732142:AAFz_ajELFE7NaREq0TnGeGwjsB5xYounhc/getUpdates "HTTP/1.1 200 OK"
2025-02-08 18:11:06,566 - httpx - INFO - HTTP Request: POST https://api.telegram.org/bot7853732142:AAFz_ajELFE7NaREq0TnGeGwjsB5xYounhc/getUpdates "HTTP/1.1 200 OK"
2025-02-08 18:11:16,739 - httpx - INFO - HTTP Request: POST https://api.telegram.org/bot7853732142:AAFz_ajELFE7NaREq0TnGeGwjsB5xYounhc/getUpdates "HTTP/1.1 200 OK"
2025-02-08 18:11:26,913 - httpx - INFO - HTTP Request: POST https://api.telegram.org/bot7853732142:AAFz_ajELFE7NaREq0TnGeGwjsB5xYounhc/getUpdates "HTTP/1.1 200 OK"
2025-02-08 18:11:37,100 - httpx - INFO - HTTP Request: POST https://api.telegram.org/bot7853732142:AAFz_ajELFE7NaREq0TnGeGwjsB5xYounhc/getUpdates "HTTP/1.1 200 OK"
2025-02-08 18:11:47,273 - httpx - INFO - HTTP Request: POST https://api.telegram.org/bot7853732142:AAFz_ajELFE7NaREq0TnGeGwjsB5xYounhc/getUpdates "HTTP/1.1 200 OK"
2025-02-08 18:11:57,448 - httpx - INFO - HTTP Request: POST https://api.telegram.org/bot7853732142:AAFz_ajELFE7NaREq0TnGeGwjsB5xYounhc/getUpdates "HTTP/1.1 200 OK"
2025-02-08 18:12:07,623 - httpx - INFO - HTTP Request: POST https://api.telegram.org/bot7853732142:AAFz_ajELFE7NaREq0TnGeGwjsB5xYounhc/getUpdates "HTTP/1.1 200 OK"
2025-02-08 18:12:17,900 - httpx - INFO - HTTP Request: POST https://api.telegram.org/bot7853732142:AAFz_ajELFE7NaREq0TnGeGwjsB5xYounhc/getUpdates "HTTP/1.1 200 OK"
2025-02-08 18:12:28,074 - httpx - INFO - HTTP Request: POST https://api.telegram.org/bot7853732142:AAFz_ajELFE7NaREq0TnGeGwjsB5xYounhc/getUpdates "HTTP/1.1 200 OK"
2025-02-08 18:12:38,249 - httpx - INFO - HTTP Request: POST https://api.telegram.org/bot7853732142:AAFz_ajELFE7NaREq0TnGeGwjsB5xYounhc/getUpdates "HTTP/1.1 200 OK"
2025-02-08 18:12:48,441 - httpx - INFO - HTTP Request: POST https://api.telegram.org/bot7853732142:AAFz_ajELFE7NaREq0TnGeGwjsB5xYounhc/getUpdates "HTTP/1.1 200 OK"
2025-02-08 18:12:58,617 - httpx - INFO - HTTP Request: POST https://api.telegram.org/bot7853732142:AAFz_ajELFE7NaREq0TnGeGwjsB5xYounhc/getUpdates "HTTP/1.1 200 OK"
2025-02-08 18:13:08,797 - httpx - INFO - HTTP Request: POST https://api.telegram.org/bot7853732142:AAFz_ajELFE7NaREq0TnGeGwjsB5xYounhc/getUpdates "HTTP/1.1 200 OK"
2025-02-08 18:13:18,988 - httpx - INFO - HTTP Request: POST https://api.telegram.org/bot7853732142:AAFz_ajELFE7NaREq0TnGeGwjsB5xYounhc/getUpdates "HTTP/1.1 200 OK"
2025-02-08 18:13:29,177 - httpx - INFO - HTTP Request: POST https://api.telegram.org/bot7853732142:AAFz_ajELFE7NaREq0TnGeGwjsB5xYounhc/getUpdates "HTTP/1.1 200 OK"
2025-02-08 18:13:39,354 - httpx - INFO - HTTP Request: POST https://api.telegram.org/bot7853732142:AAFz_ajELFE7NaREq0TnGeGwjsB5xYounhc/getUpdates "HTTP/1.1 200 OK"
2025-02-08 18:13:49,530 - httpx - INFO - HTTP Request: POST https://api.telegram.org/bot7853732142:AAFz_ajELFE7NaREq0TnGeGwjsB5xYounhc/getUpdates "HTTP/1.1 200 OK"
2025-02-08 18:13:59,719 - httpx - INFO - HTTP Request: POST https://api.telegram.org/bot7853732142:AAFz_ajELFE7NaREq0TnGeGwjsB5xYounhc/getUpdates "HTTP/1.1 200 OK"
2025-02-08 18:14:09,939 - httpx - INFO - HTTP Request: POST https://api.telegram.org/bot7853732142:AAFz_ajELFE7NaREq0TnGeGwjsB5xYounhc/getUpdates "HTTP/1.1 200 OK"
2025-02-08 18:14:20,116 - httpx - INFO - HTTP Request: POST https://api.telegram.org/bot7853732142:AAFz_ajELFE7NaREq0TnGeGwjsB5xYounhc/getUpdates "HTTP/1.1 200 OK"
2025-02-08 18:14:30,380 - httpx - INFO - HTTP Request: POST https://api.telegram.org/bot7853732142:AAFz_ajELFE7NaREq0TnGeGwjsB5xYounhc/getUpdates "HTTP/1.1 200 OK"
2025-02-08 18:14:40,638 - httpx - INFO - HTTP Request: POST https://api.telegram.org/bot7853732142:AAFz_ajELFE7NaREq0TnGeGwjsB5xYounhc/getUpdates "HTTP/1.1 200 OK"
2025-02-08 18:14:50,927 - httpx - INFO - HTTP Request: POST https://api.telegram.org/bot7853732142:AAFz_ajELFE7NaREq0TnGeGwjsB5xYounhc/getUpdates "HTTP/1.1 200 OK"
2025-02-08 18:15:01,102 - httpx - INFO - HTTP Request: POST https://api.telegram.org/bot7853732142:AAFz_ajELFE7NaREq0TnGeGwjsB5xYounhc/getUpdates "HTTP/1.1 200 OK"
2025-02-08 18:15:11,303 - httpx - INFO - HTTP Request: POST https://api.telegram.org/bot7853732142:AAFz_ajELFE7NaREq0TnGeGwjsB5xYounhc/getUpdates "HTTP/1.1 200 OK"
2025-02-08 18:15:21,477 - httpx - INFO - HTTP Request: POST https://api.telegram.org/bot7853732142:AAFz_ajELFE7NaREq0TnGeGwjsB5xYounhc/getUpdates "HTTP/1.1 200 OK"
2025-02-08 18:15:31,652 - httpx - INFO - HTTP Request: POST https://api.telegram.org/bot7853732142:AAFz_ajELFE7NaREq0TnGeGwjsB5xYounhc/getUpdates "HTTP/1.1 200 OK"
2025-02-08 18:15:41,934 - httpx - INFO - HTTP Request: POST https://api.telegram.org/bot7853732142:AAFz_ajELFE7NaREq0TnGeGwjsB5xYounhc/getUpdates "HTTP/1.1 200 OK"
2025-02-08 18:15:52,111 - httpx - INFO - HTTP Request: POST https://api.telegram.org/bot7853732142:AAFz_ajELFE7NaREq0TnGeGwjsB5xYounhc/getUpdates "HTTP/1.1 200 OK"
2025-02-08 18:16:02,396 - httpx - INFO - HTTP Request: POST https://api.telegram.org/bot7853732142:AAFz_ajELFE7NaREq0TnGeGwjsB5xYounhc/getUpdates "HTTP/1.1 200 OK"
2025-02-08 18:16:12,570 - httpx - INFO - HTTP Request: POST https://api.telegram.org/bot7853732142:AAFz_ajELFE7NaREq0TnGeGwjsB5xYounhc/getUpdates "HTTP/1.1 200 OK"
2025-02-08 18:16:22,749 - httpx - INFO - HTTP Request: POST https://api.telegram.org/bot7853732142:AAFz_ajELFE7NaREq0TnGeGwjsB5xYounhc/getUpdates "HTTP/1.1 200 OK"
2025-02-08 18:16:32,935 - httpx - INFO - HTTP Request: POST https://api.telegram.org/bot7853732142:AAFz_ajELFE7NaREq0TnGeGwjsB5xYounhc/getUpdates "HTTP/1.1 200 OK"
2025-02-08 18:16:43,258 - httpx - INFO - HTTP Request: POST https://api.telegram.org/bot7853732142:AAFz_ajELFE7NaREq0TnGeGwjsB5xYounhc/getUpdates "HTTP/1.1 200 OK"
2025-02-08 18:16:53,431 - httpx - INFO - HTTP Request: POST https://api.telegram.org/bot7853732142:AAFz_ajELFE7NaREq0TnGeGwjsB5xYounhc/getUpdates "HTTP/1.1 200 OK"
2025-02-08 18:17:03,636 - httpx - INFO - HTTP Request: POST https://api.telegram.org/bot7853732142:AAFz_ajELFE7NaREq0TnGeGwjsB5xYounhc/getUpdates "HTTP/1.1 200 OK"
2025-02-08 18:17:13,811 - httpx - INFO - HTTP Request: POST https://api.telegram.org/bot7853732142:AAFz_ajELFE7NaREq0TnGeGwjsB5xYounhc/getUpdates "HTTP/1.1 200 OK"
2025-02-08 18:17:23,984 - httpx - INFO - HTTP Request: POST https://api.telegram.org/bot7853732142:AAFz_ajELFE7NaREq0TnGeGwjsB5xYounhc/getUpdates "HTTP/1.1 200 OK"
2025-02-08 18:17:34,158 - httpx - INFO - HTTP Request: POST https://api.telegram.org/bot7853732142:AAFz_ajELFE7NaREq0TnGeGwjsB5xYounhc/getUpdates "HTTP/1.1 200 OK"
2025-02-08 18:17:44,332 - httpx - INFO - HTTP Request: POST https://api.telegram.org/bot7853732142:AAFz_ajELFE7NaREq0TnGeGwjsB5xYounhc/getUpdates "HTTP/1.1 200 OK"
2025-02-08 18:17:54,508 - httpx - INFO - HTTP Request: POST https://api.telegram.org/bot7853732142:AAFz_ajELFE7NaREq0TnGeGwjsB5xYounhc/getUpdates "HTTP/1.1 200 OK"
2025-02-08 18:18:04,691 - httpx - INFO - HTTP Request: POST https://api.telegram.org/bot7853732142:AAFz_ajELFE7NaREq0TnGeGwjsB5xYounhc/getUpdates "HTTP/1.1 200 OK"
2025-02-08 18:18:14,868 - httpx - INFO - HTTP Request: POST https://api.telegram.org/bot7853732142:AAFz_ajELFE7NaREq0TnGeGwjsB5xYounhc/getUpdates "HTTP/1.1 200 OK"
2025-02-08 18:18:25,055 - httpx - INFO - HTTP Request: POST https://api.telegram.org/bot7853732142:AAFz_ajELFE7NaREq0TnGeGwjsB5xYounhc/getUpdates "HTTP/1.1 200 OK"
2025-02-08 18:18:35,233 - httpx - INFO - HTTP Request: POST https://api.telegram.org/bot7853732142:AAFz_ajELFE7NaREq0TnGeGwjsB5xYounhc/getUpdates "HTTP/1.1 200 OK"
2025-02-08 18:18:45,415 - httpx - INFO - HTTP Request: POST https://api.telegram.org/bot7853732142:AAFz_ajELFE7NaREq0TnGeGwjsB5xYounhc/getUpdates "HTTP/1.1 200 OK"
2025-02-08 18:18:55,594 - httpx - INFO - HTTP Request: POST https://api.telegram.org/bot7853732142:AAFz_ajELFE7NaREq0TnGeGwjsB5xYounhc/getUpdates "HTTP/1.1 200 OK"
2025-02-08 18:19:05,768 - httpx - INFO - HTTP Request: POST https://api.telegram.org/bot7853732142:AAFz_ajELFE7NaREq0TnGeGwjsB5xYounhc/getUpdates "HTTP/1.1 200 OK"
2025-02-08 18:19:15,942 - httpx - INFO - HTTP Request: POST https://api.telegram.org/bot7853732142:AAFz_ajELFE7NaREq0TnGeGwjsB5xYounhc/getUpdates "HTTP/1.1 200 OK"
2025-02-08 18:19:26,114 - httpx - INFO - HTTP Request: POST https://api.telegram.org/bot7853732142:AAFz_ajELFE7NaREq0TnGeGwjsB5xYounhc/getUpdates "HTTP/1.1 200 OK"
2025-02-08 18:19:36,296 - httpx - INFO - HTTP Request: POST https://api.telegram.org/bot7853732142:AAFz_ajELFE7NaREq0TnGeGwjsB5xYounhc/getUpdates "HTTP/1.1 200 OK"
2025-02-08 18:19:47,772 - httpx - INFO - HTTP Request: POST https://api.telegram.org/bot7853732142:AAFz_ajELFE7NaREq0TnGeGwjsB5xYounhc/getUpdates "HTTP/1.1 200 OK"
2025-02-08 18:19:57,948 - httpx - INFO - HTTP Request: POST https://api.telegram.org/bot7853732142:AAFz_ajELFE7NaREq0TnGeGwjsB5xYounhc/getUpdates "HTTP/1.1 200 OK"
2025-02-08 18:20:08,125 - httpx - INFO - HTTP Request: POST https://api.telegram.org/bot7853732142:AAFz_ajELFE7NaREq0TnGeGwjsB5xYounhc/getUpdates "HTTP/1.1 200 OK"
2025-02-08 18:20:18,301 - httpx - INFO - HTTP Request: POST https://api.telegram.org/bot7853732142:AAFz_ajELFE7NaREq0TnGeGwjsB5xYounhc/getUpdates "HTTP/1.1 200 OK"
2025-02-08 18:20:28,512 - httpx - INFO - HTTP Request: POST https://api.telegram.org/bot7853732142:AAFz_ajELFE7NaREq0TnGeGwjsB5xYounhc/getUpdates "HTTP/1.1 200 OK"
2025-02-08 18:20:38,687 - httpx - INFO - HTTP Request: POST https://api.telegram.org/bot7853732142:AAFz_ajELFE7NaREq0TnGeGwjsB5xYounhc/getUpdates "HTTP/1.1 200 OK"
2025-02-08 18:20:48,976 - httpx - INFO - HTTP Request: POST https://api.telegram.org/bot7853732142:AAFz_ajELFE7NaREq0TnGeGwjsB5xYounhc/getUpdates "HTTP/1.1 200 OK"
2025-02-08 18:20:59,158 - httpx - INFO - HTTP Request: POST https://api.telegram.org/bot7853732142:AAFz_ajELFE7NaREq0TnGeGwjsB5xYounhc/getUpdates "HTTP/1.1 200 OK"
2025-02-08 18:21:09,339 - httpx - INFO - HTTP Request: POST https://api.telegram.org/bot7853732142:AAFz_ajELFE7NaREq0TnGeGwjsB5xYounhc/getUpdates "HTTP/1.1 200 OK"
2025-02-08 18:21:19,537 - httpx - INFO - HTTP Request: POST https://api.telegram.org/bot7853732142:AAFz_ajELFE7NaREq0TnGeGwjsB5xYounhc/getUpdates "HTTP/1.1 200 OK"
2025-02-08 18:21:29,736 - httpx - INFO - HTTP Request: POST https://api.telegram.org/bot7853732142:AAFz_ajELFE7NaREq0TnGeGwjsB5xYounhc/getUpdates "HTTP/1.1 200 OK"
2025-02-08 18:21:39,911 - httpx - INFO - HTTP Request: POST https://api.telegram.org/bot7853732142:AAFz_ajELFE7NaREq0TnGeGwjsB5xYounhc/getUpdates "HTTP/1.1 200 OK"
2025-02-08 18:21:50,089 - httpx - INFO - HTTP Request: POST https://api.telegram.org/bot7853732142:AAFz_ajELFE7NaREq0TnGeGwjsB5xYounhc/getUpdates "HTTP/1.1 200 OK"
2025-02-08 18:22:00,266 - httpx - INFO - HTTP Request: POST https://api.telegram.org/bot7853732142:AAFz_ajELFE7NaREq0TnGeGwjsB5xYounhc/getUpdates "HTTP/1.1 200 OK"
2025-02-08 18:22:10,464 - httpx - INFO - HTTP Request: POST https://api.telegram.org/bot7853732142:AAFz_ajELFE7NaREq0TnGeGwjsB5xYounhc/getUpdates "HTTP/1.1 200 OK"
2025-02-08 18:22:20,744 - httpx - INFO - HTTP Request: POST https://api.telegram.org/bot7853732142:AAFz_ajELFE7NaREq0TnGeGwjsB5xYounhc/getUpdates "HTTP/1.1 200 OK"
2025-02-08 18:22:30,921 - httpx - INFO - HTTP Request: POST https://api.telegram.org/bot7853732142:AAFz_ajELFE7NaREq0TnGeGwjsB5xYounhc/getUpdates "HTTP/1.1 200 OK"
2025-02-08 18:22:41,098 - httpx - INFO - HTTP Request: POST https://api.telegram.org/bot7853732142:AAFz_ajELFE7NaREq0TnGeGwjsB5xYounhc/getUpdates "HTTP/1.1 200 OK"
2025-02-08 18:22:51,274 - httpx - INFO - HTTP Request: POST https://api.telegram.org/bot7853732142:AAFz_ajELFE7NaREq0TnGeGwjsB5xYounhc/getUpdates "HTTP/1.1 200 OK"
2025-02-08 18:23:01,449 - httpx - INFO - HTTP Request: POST https://api.telegram.org/bot7853732142:AAFz_ajELFE7NaREq0TnGeGwjsB5xYounhc/getUpdates "HTTP/1.1 200 OK"
2025-02-08 18:23:11,648 - httpx - INFO - HTTP Request: POST https://api.telegram.org/bot7853732142:AAFz_ajELFE7NaREq0TnGeGwjsB5xYounhc/getUpdates "HTTP/1.1 200 OK"
2025-02-08 18:23:21,831 - httpx - INFO - HTTP Request: POST https://api.telegram.org/bot7853732142:AAFz_ajELFE7NaREq0TnGeGwjsB5xYounhc/getUpdates "HTTP/1.1 200 OK"
2025-02-08 18:23:32,013 - httpx - INFO - HTTP Request: POST https://api.telegram.org/bot7853732142:AAFz_ajELFE7NaREq0TnGeGwjsB5xYounhc/getUpdates "HTTP/1.1 200 OK"
2025-02-08 18:23:42,612 - httpx - INFO - HTTP Request: POST https://api.telegram.org/bot7853732142:AAFz_ajELFE7NaREq0TnGeGwjsB5xYounhc/getUpdates "HTTP/1.1 200 OK"
2025-02-08 18:23:56,020 - httpx - INFO - HTTP Request: POST https://api.telegram.org/bot7853732142:AAFz_ajELFE7NaREq0TnGeGwjsB5xYounhc/getUpdates "HTTP/1.1 200 OK"
2025-02-08 18:24:06,220 - httpx - INFO - HTTP Request: POST https://api.telegram.org/bot7853732142:AAFz_ajELFE7NaREq0TnGeGwjsB5xYounhc/getUpdates "HTTP/1.1 200 OK"
2025-02-08 18:24:16,397 - httpx - INFO - HTTP Request: POST https://api.telegram.org/bot7853732142:AAFz_ajELFE7NaREq0TnGeGwjsB5xYounhc/getUpdates "HTTP/1.1 200 OK"
2025-02-08 18:24:26,588 - httpx - INFO - HTTP Request: POST https://api.telegram.org/bot7853732142:AAFz_ajELFE7NaREq0TnGeGwjsB5xYounhc/getUpdates "HTTP/1.1 200 OK"
2025-02-08 18:24:36,864 - httpx - INFO - HTTP Request: POST https://api.telegram.org/bot7853732142:AAFz_ajELFE7NaREq0TnGeGwjsB5xYounhc/getUpdates "HTTP/1.1 200 OK"
2025-02-08 18:24:47,154 - httpx - INFO - HTTP Request: POST https://api.telegram.org/bot7853732142:AAFz_ajELFE7NaREq0TnGeGwjsB5xYounhc/getUpdates "HTTP/1.1 200 OK"
2025-02-08 18:24:57,330 - httpx - INFO - HTTP Request: POST https://api.telegram.org/bot7853732142:AAFz_ajELFE7NaREq0TnGeGwjsB5xYounhc/getUpdates "HTTP/1.1 200 OK"
2025-02-08 18:25:07,504 - httpx - INFO - HTTP Request: POST https://api.telegram.org/bot7853732142:AAFz_ajELFE7NaREq0TnGeGwjsB5xYounhc/getUpdates "HTTP/1.1 200 OK"
2025-02-08 18:25:17,697 - httpx - INFO - HTTP Request: POST https://api.telegram.org/bot7853732142:AAFz_ajELFE7NaREq0TnGeGwjsB5xYounhc/getUpdates "HTTP/1.1 200 OK"
2025-02-08 18:25:27,886 - httpx - INFO - HTTP Request: POST https://api.telegram.org/bot7853732142:AAFz_ajELFE7NaREq0TnGeGwjsB5xYounhc/getUpdates "HTTP/1.1 200 OK"
2025-02-08 18:25:38,065 - httpx - INFO - HTTP Request: POST https://api.telegram.org/bot7853732142:AAFz_ajELFE7NaREq0TnGeGwjsB5xYounhc/getUpdates "HTTP/1.1 200 OK"
2025-02-08 18:25:48,242 - httpx - INFO - HTTP Request: POST https://api.telegram.org/bot7853732142:AAFz_ajELFE7NaREq0TnGeGwjsB5xYounhc/getUpdates "HTTP/1.1 200 OK"
2025-02-08 18:25:58,470 - httpx - INFO - HTTP Request: POST https://api.telegram.org/bot7853732142:AAFz_ajELFE7NaREq0TnGeGwjsB5xYounhc/getUpdates "HTTP/1.1 200 OK"
2025-02-08 18:26:08,645 - httpx - INFO - HTTP Request: POST https://api.telegram.org/bot7853732142:AAFz_ajELFE7NaREq0TnGeGwjsB5xYounhc/getUpdates "HTTP/1.1 200 OK"
2025-02-08 18:26:18,931 - httpx - INFO - HTTP Request: POST https://api.telegram.org/bot7853732142:AAFz_ajELFE7NaREq0TnGeGwjsB5xYounhc/getUpdates "HTTP/1.1 200 OK"
2025-02-08 18:26:29,109 - httpx - INFO - HTTP Request: POST https://api.telegram.org/bot7853732142:AAFz_ajELFE7NaREq0TnGeGwjsB5xYounhc/getUpdates "HTTP/1.1 200 OK"
2025-02-08 18:26:39,293 - httpx - INFO - HTTP Request: POST https://api.telegram.org/bot7853732142:AAFz_ajELFE7NaREq0TnGeGwjsB5xYounhc/getUpdates "HTTP/1.1 200 OK"
2025-02-08 18:26:49,470 - httpx - INFO - HTTP Request: POST https://api.telegram.org/bot7853732142:AAFz_ajELFE7NaREq0TnGeGwjsB5xYounhc/getUpdates "HTTP/1.1 200 OK"
2025-02-08 18:26:59,648 - httpx - INFO - HTTP Request: POST https://api.telegram.org/bot7853732142:AAFz_ajELFE7NaREq0TnGeGwjsB5xYounhc/getUpdates "HTTP/1.1 200 OK"
2025-02-08 18:27:09,824 - httpx - INFO - HTTP Request: POST https://api.telegram.org/bot7853732142:AAFz_ajELFE7NaREq0TnGeGwjsB5xYounhc/getUpdates "HTTP/1.1 200 OK"
2025-02-08 18:27:20,017 - httpx - INFO - HTTP Request: POST https://api.telegram.org/bot7853732142:AAFz_ajELFE7NaREq0TnGeGwjsB5xYounhc/getUpdates "HTTP/1.1 200 OK"
2025-02-08 18:27:30,329 - httpx - INFO - HTTP Request: POST https://api.telegram.org/bot7853732142:AAFz_ajELFE7NaREq0TnGeGwjsB5xYounhc/getUpdates "HTTP/1.1 200 OK"
2025-02-08 18:27:40,578 - httpx - INFO - HTTP Request: POST https://api.telegram.org/bot7853732142:AAFz_ajELFE7NaREq0TnGeGwjsB5xYounhc/getUpdates "HTTP/1.1 200 OK"
2025-02-08 18:27:50,753 - httpx - INFO - HTTP Request: POST https://api.telegram.org/bot7853732142:AAFz_ajELFE7NaREq0TnGeGwjsB5xYounhc/getUpdates "HTTP/1.1 200 OK"
2025-02-08 18:28:00,945 - httpx - INFO - HTTP Request: POST https://api.telegram.org/bot7853732142:AAFz_ajELFE7NaREq0TnGeGwjsB5xYounhc/getUpdates "HTTP/1.1 200 OK"
2025-02-08 18:28:11,119 - httpx - INFO - HTTP Request: POST https://api.telegram.org/bot7853732142:AAFz_ajELFE7NaREq0TnGeGwjsB5xYounhc/getUpdates "HTTP/1.1 200 OK"
2025-02-08 18:28:21,295 - httpx - INFO - HTTP Request: POST https://api.telegram.org/bot7853732142:AAFz_ajELFE7NaREq0TnGeGwjsB5xYounhc/getUpdates "HTTP/1.1 200 OK"
2025-02-08 18:28:31,600 - httpx - INFO - HTTP Request: POST https://api.telegram.org/bot7853732142:AAFz_ajELFE7NaREq0TnGeGwjsB5xYounhc/getUpdates "HTTP/1.1 200 OK"
2025-02-08 18:28:59,245 - httpx - INFO - HTTP Request: POST https://api.telegram.org/bot7853732142:AAFz_ajELFE7NaREq0TnGeGwjsB5xYounhc/getUpdates "HTTP/1.1 200 OK"
2025-02-08 18:29:09,426 - httpx - INFO - HTTP Request: POST https://api.telegram.org/bot7853732142:AAFz_ajELFE7NaREq0TnGeGwjsB5xYounhc/getUpdates "HTTP/1.1 200 OK"
2025-02-08 18:29:19,611 - httpx - INFO - HTTP Request: POST https://api.telegram.org/bot7853732142:AAFz_ajELFE7NaREq0TnGeGwjsB5xYounhc/getUpdates "HTTP/1.1 200 OK"
2025-02-08 18:29:29,789 - httpx - INFO - HTTP Request: POST https://api.telegram.org/bot7853732142:AAFz_ajELFE7NaREq0TnGeGwjsB5xYounhc/getUpdates "HTTP/1.1 200 OK"
2025-02-08 18:29:39,969 - httpx - INFO - HTTP Request: POST https://api.telegram.org/bot7853732142:AAFz_ajELFE7NaREq0TnGeGwjsB5xYounhc/getUpdates "HTTP/1.1 200 OK"
2025-02-08 18:29:50,149 - httpx - INFO - HTTP Request: POST https://api.telegram.org/bot7853732142:AAFz_ajELFE7NaREq0TnGeGwjsB5xYounhc/getUpdates "HTTP/1.1 200 OK"
2025-02-08 18:30:00,334 - httpx - INFO - HTTP Request: POST https://api.telegram.org/bot7853732142:AAFz_ajELFE7NaREq0TnGeGwjsB5xYounhc/getUpdates "HTTP/1.1 200 OK"
2025-02-08 18:30:10,514 - httpx - INFO - HTTP Request: POST https://api.telegram.org/bot7853732142:AAFz_ajELFE7NaREq0TnGeGwjsB5xYounhc/getUpdates "HTTP/1.1 200 OK"
2025-02-08 18:30:20,708 - httpx - INFO - HTTP Request: POST https://api.telegram.org/bot7853732142:AAFz_ajELFE7NaREq0TnGeGwjsB5xYounhc/getUpdates "HTTP/1.1 200 OK"
2025-02-08 18:30:30,892 - httpx - INFO - HTTP Request: POST https://api.telegram.org/bot7853732142:AAFz_ajELFE7NaREq0TnGeGwjsB5xYounhc/getUpdates "HTTP/1.1 200 OK"
2025-02-08 18:30:41,073 - httpx - INFO - HTTP Request: POST https://api.telegram.org/bot7853732142:AAFz_ajELFE7NaREq0TnGeGwjsB5xYounhc/getUpdates "HTTP/1.1 200 OK"
2025-02-08 18:30:51,255 - httpx - INFO - HTTP Request: POST https://api.telegram.org/bot7853732142:AAFz_ajELFE7NaREq0TnGeGwjsB5xYounhc/getUpdates "HTTP/1.1 200 OK"
2025-02-08 18:31:01,452 - httpx - INFO - HTTP Request: POST https://api.telegram.org/bot7853732142:AAFz_ajELFE7NaREq0TnGeGwjsB5xYounhc/getUpdates "HTTP/1.1 200 OK"
2025-02-08 18:31:11,637 - httpx - INFO - HTTP Request: POST https://api.telegram.org/bot7853732142:AAFz_ajELFE7NaREq0TnGeGwjsB5xYounhc/getUpdates "HTTP/1.1 200 OK"
2025-02-08 18:31:21,828 - httpx - INFO - HTTP Request: POST https://api.telegram.org/bot7853732142:AAFz_ajELFE7NaREq0TnGeGwjsB5xYounhc/getUpdates "HTTP/1.1 200 OK"
2025-02-08 18:31:32,014 - httpx - INFO - HTTP Request: POST https://api.telegram.org/bot7853732142:AAFz_ajELFE7NaREq0TnGeGwjsB5xYounhc/getUpdates "HTTP/1.1 200 OK"
2025-02-08 18:31:44,393 - httpx - INFO - HTTP Request: POST https://api.telegram.org/bot7853732142:AAFz_ajELFE7NaREq0TnGeGwjsB5xYounhc/getUpdates "HTTP/1.1 200 OK"
2025-02-08 18:31:58,633 - httpx - INFO - HTTP Request: POST https://api.telegram.org/bot7853732142:AAFz_ajELFE7NaREq0TnGeGwjsB5xYounhc/getUpdates "HTTP/1.1 200 OK"
2025-02-08 18:32:11,897 - httpx - INFO - HTTP Request: POST https://api.telegram.org/bot7853732142:AAFz_ajELFE7NaREq0TnGeGwjsB5xYounhc/getUpdates "HTTP/1.1 200 OK"
2025-02-08 18:32:22,166 - httpx - INFO - HTTP Request: POST https://api.telegram.org/bot7853732142:AAFz_ajELFE7NaREq0TnGeGwjsB5xYounhc/getUpdates "HTTP/1.1 200 OK"
2025-02-08 18:32:32,352 - httpx - INFO - HTTP Request: POST https://api.telegram.org/bot7853732142:AAFz_ajELFE7NaREq0TnGeGwjsB5xYounhc/getUpdates "HTTP/1.1 200 OK"
2025-02-08 18:32:42,549 - httpx - INFO - HTTP Request: POST https://api.telegram.org/bot7853732142:AAFz_ajELFE7NaREq0TnGeGwjsB5xYounhc/getUpdates "HTTP/1.1 200 OK"
2025-02-08 18:32:52,733 - httpx - INFO - HTTP Request: POST https://api.telegram.org/bot7853732142:AAFz_ajELFE7NaREq0TnGeGwjsB5xYounhc/getUpdates "HTTP/1.1 200 OK"
2025-02-08 18:33:02,908 - httpx - INFO - HTTP Request: POST https://api.telegram.org/bot7853732142:AAFz_ajELFE7NaREq0TnGeGwjsB5xYounhc/getUpdates "HTTP/1.1 200 OK"
2025-02-08 18:33:13,091 - httpx - INFO - HTTP Request: POST https://api.telegram.org/bot7853732142:AAFz_ajELFE7NaREq0TnGeGwjsB5xYounhc/getUpdates "HTTP/1.1 200 OK"
2025-02-08 18:33:23,285 - httpx - INFO - HTTP Request: POST https://api.telegram.org/bot7853732142:AAFz_ajELFE7NaREq0TnGeGwjsB5xYounhc/getUpdates "HTTP/1.1 200 OK"
2025-02-08 18:33:33,464 - httpx - INFO - HTTP Request: POST https://api.telegram.org/bot7853732142:AAFz_ajELFE7NaREq0TnGeGwjsB5xYounhc/getUpdates "HTTP/1.1 200 OK"
2025-02-08 18:33:43,646 - httpx - INFO - HTTP Request: POST https://api.telegram.org/bot7853732142:AAFz_ajELFE7NaREq0TnGeGwjsB5xYounhc/getUpdates "HTTP/1.1 200 OK"
2025-02-08 18:33:53,840 - httpx - INFO - HTTP Request: POST https://api.telegram.org/bot7853732142:AAFz_ajELFE7NaREq0TnGeGwjsB5xYounhc/getUpdates "HTTP/1.1 200 OK"
2025-02-08 18:34:04,027 - httpx - INFO - HTTP Request: POST https://api.telegram.org/bot7853732142:AAFz_ajELFE7NaREq0TnGeGwjsB5xYounhc/getUpdates "HTTP/1.1 200 OK"
2025-02-08 18:34:14,204 - httpx - INFO - HTTP Request: POST https://api.telegram.org/bot7853732142:AAFz_ajELFE7NaREq0TnGeGwjsB5xYounhc/getUpdates "HTTP/1.1 200 OK"
2025-02-08 18:34:24,381 - httpx - INFO - HTTP Request: POST https://api.telegram.org/bot7853732142:AAFz_ajELFE7NaREq0TnGeGwjsB5xYounhc/getUpdates "HTTP/1.1 200 OK"
2025-02-08 18:34:34,561 - httpx - INFO - HTTP Request: POST https://api.telegram.org/bot7853732142:AAFz_ajELFE7NaREq0TnGeGwjsB5xYounhc/getUpdates "HTTP/1.1 200 OK"
2025-02-08 18:34:44,755 - httpx - INFO - HTTP Request: POST https://api.telegram.org/bot7853732142:AAFz_ajELFE7NaREq0TnGeGwjsB5xYounhc/getUpdates "HTTP/1.1 200 OK"
2025-02-08 18:34:54,945 - httpx - INFO - HTTP Request: POST https://api.telegram.org/bot7853732142:AAFz_ajELFE7NaREq0TnGeGwjsB5xYounhc/getUpdates "HTTP/1.1 200 OK"
2025-02-08 18:35:05,132 - httpx - INFO - HTTP Request: POST https://api.telegram.org/bot7853732142:AAFz_ajELFE7NaREq0TnGeGwjsB5xYounhc/getUpdates "HTTP/1.1 200 OK"
2025-02-08 18:35:15,311 - httpx - INFO - HTTP Request: POST https://api.telegram.org/bot7853732142:AAFz_ajELFE7NaREq0TnGeGwjsB5xYounhc/getUpdates "HTTP/1.1 200 OK"
2025-02-08 18:35:25,490 - httpx - INFO - HTTP Request: POST https://api.telegram.org/bot7853732142:AAFz_ajELFE7NaREq0TnGeGwjsB5xYounhc/getUpdates "HTTP/1.1 200 OK"
2025-02-08 18:35:35,694 - httpx - INFO - HTTP Request: POST https://api.telegram.org/bot7853732142:AAFz_ajELFE7NaREq0TnGeGwjsB5xYounhc/getUpdates "HTTP/1.1 200 OK"
2025-02-08 18:35:45,883 - httpx - INFO - HTTP Request: POST https://api.telegram.org/bot7853732142:AAFz_ajELFE7NaREq0TnGeGwjsB5xYounhc/getUpdates "HTTP/1.1 200 OK"
2025-02-08 18:35:56,065 - httpx - INFO - HTTP Request: POST https://api.telegram.org/bot7853732142:AAFz_ajELFE7NaREq0TnGeGwjsB5xYounhc/getUpdates "HTTP/1.1 200 OK"
2025-02-08 18:36:06,244 - httpx - INFO - HTTP Request: POST https://api.telegram.org/bot7853732142:AAFz_ajELFE7NaREq0TnGeGwjsB5xYounhc/getUpdates "HTTP/1.1 200 OK"
2025-02-08 18:36:16,423 - httpx - INFO - HTTP Request: POST https://api.telegram.org/bot7853732142:AAFz_ajELFE7NaREq0TnGeGwjsB5xYounhc/getUpdates "HTTP/1.1 200 OK"
2025-02-08 18:36:26,603 - httpx - INFO - HTTP Request: POST https://api.telegram.org/bot7853732142:AAFz_ajELFE7NaREq0TnGeGwjsB5xYounhc/getUpdates "HTTP/1.1 200 OK"
2025-02-08 18:36:36,806 - httpx - INFO - HTTP Request: POST https://api.telegram.org/bot7853732142:AAFz_ajELFE7NaREq0TnGeGwjsB5xYounhc/getUpdates "HTTP/1.1 200 OK"
2025-02-08 18:36:46,989 - httpx - INFO - HTTP Request: POST https://api.telegram.org/bot7853732142:AAFz_ajELFE7NaREq0TnGeGwjsB5xYounhc/getUpdates "HTTP/1.1 200 OK"
2025-02-08 18:36:57,176 - httpx - INFO - HTTP Request: POST https://api.telegram.org/bot7853732142:AAFz_ajELFE7NaREq0TnGeGwjsB5xYounhc/getUpdates "HTTP/1.1 200 OK"
2025-02-08 18:37:07,461 - httpx - INFO - HTTP Request: POST https://api.telegram.org/bot7853732142:AAFz_ajELFE7NaREq0TnGeGwjsB5xYounhc/getUpdates "HTTP/1.1 200 OK"
2025-02-08 18:37:17,642 - httpx - INFO - HTTP Request: POST https://api.telegram.org/bot7853732142:AAFz_ajELFE7NaREq0TnGeGwjsB5xYounhc/getUpdates "HTTP/1.1 200 OK"
2025-02-08 18:37:27,824 - httpx - INFO - HTTP Request: POST https://api.telegram.org/bot7853732142:AAFz_ajELFE7NaREq0TnGeGwjsB5xYounhc/getUpdates "HTTP/1.1 200 OK"
